#-----------------------------------------------------------
# Vivado v2018.3 (64-bit)
# SW Build 2405991 on Thu Dec  6 23:38:27 MST 2018
# IP Build 2404404 on Fri Dec  7 01:43:56 MST 2018
# Start of session at: Fri Sep 29 11:24:05 2023
# Process ID: 9376
# Current directory: C:/000mygit/myeie/001CourseWare/004IntegratedSystemDesign/Lab/lab1/ChanghongLi_lab1
# Command line: vivado.exe -gui_launcher_event rodinguilauncherevent9232 C:\000mygit\myeie\001CourseWare\004IntegratedSystemDesign\Lab\lab1\ChanghongLi_lab1\ChanghongLi_lab1.xpr
# Log file: C:/000mygit/myeie/001CourseWare/004IntegratedSystemDesign/Lab/lab1/ChanghongLi_lab1/vivado.log
# Journal file: C:/000mygit/myeie/001CourseWare/004IntegratedSystemDesign/Lab/lab1/ChanghongLi_lab1\vivado.jou
#-----------------------------------------------------------
start_gui
open_project C:/000mygit/myeie/001CourseWare/004IntegratedSystemDesign/Lab/lab1/ChanghongLi_lab1/ChanghongLi_lab1.xpr
INFO: [ProjectBase 1-489] The host OS only allows 260 characters in a normal path. The project is stored in a path with more than 80 characters. If you experience issues with IP, Block Designs, or files not being found, please consider moving the project to a location with a shorter path. Alternately consider using the OS subst command to map part of the path to a drive letter.
Current project path is 'C:/000mygit/myeie/001CourseWare/004IntegratedSystemDesign/Lab/lab1/ChanghongLi_lab1'
INFO: [Project 1-313] Project file moved from 'C:/Users/lic9/Desktop/4C1_labs/lab1/ChanghongLi_lab1' since last save.
Scanning sources...
Finished scanning sources
CRITICAL WARNING: [Project 1-192] Failed to load run synth_1. Strategy Vivado Synthesis Defaults (Vivado Synthesis 2019) not recognized by Vivado. 

CRITICAL WARNING: [Project 1-192] Failed to load run impl_1. Strategy Vivado Implementation Defaults (Vivado Implementation 2019) not recognized by Vivado. 

CRITICAL WARNING: [Project 1-505] Unrecognized Option Name DcpsUptoDate
CRITICAL WARNING: [Board 49-67] The board_part definition was not found for tul.com.tw:pynq-z2:part0:1.0. This can happen sometimes when you use custom board part. You can resolve this issue by setting 'board.repoPaths' parameter, pointing to the location of custom board files. Valid board_part values can be retrieved with the 'get_board_parts' Tcl command.
WARNING: [Project 1-231] Project 'ChanghongLi_lab1.xpr' was created with a future version and may or may not perform reliably with this version of Vivado. It has been opened in read-only mode for the protection of unrecognized data. Use 'File | Save Project As...' if you wish to alter a copy of the project.
INFO: [IP_Flow 19-234] Refreshing IP repositories
INFO: [IP_Flow 19-1704] No user IP repositories specified
INFO: [IP_Flow 19-2313] Loaded Vivado IP repository 'C:/Xilinx/Vivado/2018.3/data/ip'.
open_project: Time (s): cpu = 00:00:11 ; elapsed = 00:00:05 . Memory (MB): peak = 722.133 ; gain = 107.652
update_compile_order -fileset sources_1
save_project_as ChanghongLi_lab1_183 C:/000mygit/myeie/001CourseWare/004IntegratedSystemDesign/Lab/lab1/ChanghongLi_lab1_183 -force
INFO: [ProjectBase 1-489] The host OS only allows 260 characters in a normal path. The project is stored in a path with more than 80 characters. If you experience issues with IP, Block Designs, or files not being found, please consider moving the project to a location with a shorter path. Alternately consider using the OS subst command to map part of the path to a drive letter.
Current project path is 'C:/000mygit/myeie/001CourseWare/004IntegratedSystemDesign/Lab/lab1/ChanghongLi_lab1_183'
set_property file_type SystemVerilog [get_files  C:/000mygit/myeie/001CourseWare/004IntegratedSystemDesign/Lab/lab1/ChanghongLi_lab1_183/ChanghongLi_lab1_183.srcs/sources_1/new/FSM.v]
close [ open C:/000mygit/myeie/001CourseWare/004IntegratedSystemDesign/Lab/lab1/ChanghongLi_lab1_183/ChanghongLi_lab1_183.srcs/sources_1/new/FSM1.sv w ]
add_files C:/000mygit/myeie/001CourseWare/004IntegratedSystemDesign/Lab/lab1/ChanghongLi_lab1_183/ChanghongLi_lab1_183.srcs/sources_1/new/FSM1.sv
update_compile_order -fileset sources_1
export_ip_user_files -of_objects  [get_files C:/000mygit/myeie/001CourseWare/004IntegratedSystemDesign/Lab/lab1/ChanghongLi_lab1_183/ChanghongLi_lab1_183.srcs/sources_1/new/FSM.v] -no_script -reset -force -quiet
remove_files  C:/000mygit/myeie/001CourseWare/004IntegratedSystemDesign/Lab/lab1/ChanghongLi_lab1_183/ChanghongLi_lab1_183.srcs/sources_1/new/FSM.v
file delete -force C:/000mygit/myeie/001CourseWare/004IntegratedSystemDesign/Lab/lab1/ChanghongLi_lab1_183/ChanghongLi_lab1_183.srcs/sources_1/new/FSM.v
export_ip_user_files -of_objects  [get_files C:/000mygit/myeie/001CourseWare/004IntegratedSystemDesign/Lab/lab1/ChanghongLi_lab1_183/ChanghongLi_lab1_183.srcs/sources_1/new/FSM1.sv] -no_script -reset -force -quiet
remove_files  C:/000mygit/myeie/001CourseWare/004IntegratedSystemDesign/Lab/lab1/ChanghongLi_lab1_183/ChanghongLi_lab1_183.srcs/sources_1/new/FSM1.sv
file delete -force C:/000mygit/myeie/001CourseWare/004IntegratedSystemDesign/Lab/lab1/ChanghongLi_lab1_183/ChanghongLi_lab1_183.srcs/sources_1/new/FSM1.sv
close [ open C:/000mygit/myeie/001CourseWare/004IntegratedSystemDesign/Lab/lab1/ChanghongLi_lab1_183/ChanghongLi_lab1_183.srcs/sources_1/new/FSM.sv w ]
add_files C:/000mygit/myeie/001CourseWare/004IntegratedSystemDesign/Lab/lab1/ChanghongLi_lab1_183/ChanghongLi_lab1_183.srcs/sources_1/new/FSM.sv
update_compile_order -fileset sources_1
close [ open C:/000mygit/myeie/001CourseWare/004IntegratedSystemDesign/Lab/lab1/ChanghongLi_lab1_183/ChanghongLi_lab1_183.srcs/sources_1/new/Counter.sv w ]
add_files C:/000mygit/myeie/001CourseWare/004IntegratedSystemDesign/Lab/lab1/ChanghongLi_lab1_183/ChanghongLi_lab1_183.srcs/sources_1/new/Counter.sv
update_compile_order -fileset sources_1
close_project
open_project C:/000mygit/myeie/001CourseWare/004IntegratedSystemDesign/Lab/lab0/ChanghongLi_lab0_183/ChanghongLi_lab0_183.xpr
INFO: [ProjectBase 1-489] The host OS only allows 260 characters in a normal path. The project is stored in a path with more than 80 characters. If you experience issues with IP, Block Designs, or files not being found, please consider moving the project to a location with a shorter path. Alternately consider using the OS subst command to map part of the path to a drive letter.
Current project path is 'C:/000mygit/myeie/001CourseWare/004IntegratedSystemDesign/Lab/lab0/ChanghongLi_lab0_183'
Scanning sources...
Finished scanning sources
WARNING: [filemgmt 56-3] IPUserFilesDir: Could not find the directory 'C:/000mygit/myeie/001CourseWare/004IntegratedSystemDesign/Lab/lab0/ChanghongLi_lab0_183/ChanghongLi_lab0_183.ip_user_files'.
INFO: [IP_Flow 19-234] Refreshing IP repositories
INFO: [IP_Flow 19-1704] No user IP repositories specified
INFO: [IP_Flow 19-2313] Loaded Vivado IP repository 'C:/Xilinx/Vivado/2018.3/data/ip'.
update_compile_order -fileset sources_1
close_project
open_project C:/000mygit/myeie/001CourseWare/004IntegratedSystemDesign/Lab/lab1/ChanghongLi_lab1_183/ChanghongLi_lab1_183.xpr
INFO: [ProjectBase 1-489] The host OS only allows 260 characters in a normal path. The project is stored in a path with more than 80 characters. If you experience issues with IP, Block Designs, or files not being found, please consider moving the project to a location with a shorter path. Alternately consider using the OS subst command to map part of the path to a drive letter.
Current project path is 'C:/000mygit/myeie/001CourseWare/004IntegratedSystemDesign/Lab/lab1/ChanghongLi_lab1_183'
Scanning sources...
Finished scanning sources
INFO: [IP_Flow 19-234] Refreshing IP repositories
INFO: [IP_Flow 19-1704] No user IP repositories specified
INFO: [IP_Flow 19-2313] Loaded Vivado IP repository 'C:/Xilinx/Vivado/2018.3/data/ip'.
update_compile_order -fileset sources_1
file mkdir C:/000mygit/myeie/001CourseWare/004IntegratedSystemDesign/Lab/lab1/ChanghongLi_lab1_183/ChanghongLi_lab1_183.srcs/sim_1/new
set_property SOURCE_SET sources_1 [get_filesets sim_1]
close [ open C:/000mygit/myeie/001CourseWare/004IntegratedSystemDesign/Lab/lab1/ChanghongLi_lab1_183/ChanghongLi_lab1_183.srcs/sim_1/new/Counter_tb.sv w ]
add_files -fileset sim_1 C:/000mygit/myeie/001CourseWare/004IntegratedSystemDesign/Lab/lab1/ChanghongLi_lab1_183/ChanghongLi_lab1_183.srcs/sim_1/new/Counter_tb.sv
update_compile_order -fileset sim_1
update_compile_order -fileset sim_1
launch_simulation
INFO: [Vivado 12-5682] Launching behavioral simulation in 'C:/000mygit/myeie/001CourseWare/004IntegratedSystemDesign/Lab/lab1/ChanghongLi_lab1_183/ChanghongLi_lab1_183.sim/sim_1/behav/xsim'
INFO: [SIM-utils-51] Simulation object is 'sim_1'
INFO: [SIM-utils-54] Inspecting design source files for 'Counter_tb' in fileset 'sim_1'...
INFO: [USF-XSim-97] Finding global include files...
INFO: [USF-XSim-98] Fetching design files from 'sim_1'...
INFO: [USF-XSim-2] XSim::Compile design
INFO: [USF-XSim-61] Executing 'COMPILE and ANALYZE' step in 'C:/000mygit/myeie/001CourseWare/004IntegratedSystemDesign/Lab/lab1/ChanghongLi_lab1_183/ChanghongLi_lab1_183.sim/sim_1/behav/xsim'
"xvlog --incr --relax -prj Counter_tb_vlog.prj"
INFO: [VRFC 10-2263] Analyzing SystemVerilog file "C:/000mygit/myeie/001CourseWare/004IntegratedSystemDesign/Lab/lab1/ChanghongLi_lab1_183/ChanghongLi_lab1_183.srcs/sources_1/new/Counter.sv" into library xil_defaultlib
INFO: [VRFC 10-311] analyzing module Counter
INFO: [VRFC 10-2263] Analyzing SystemVerilog file "C:/000mygit/myeie/001CourseWare/004IntegratedSystemDesign/Lab/lab1/ChanghongLi_lab1_183/ChanghongLi_lab1_183.srcs/sim_1/new/Counter_tb.sv" into library xil_defaultlib
INFO: [VRFC 10-311] analyzing module Counter_tb
INFO: [VRFC 10-2263] Analyzing Verilog file "C:/000mygit/myeie/001CourseWare/004IntegratedSystemDesign/Lab/lab1/ChanghongLi_lab1_183/ChanghongLi_lab1_183.sim/sim_1/behav/xsim/glbl.v" into library xil_defaultlib
INFO: [VRFC 10-311] analyzing module glbl
INFO: [USF-XSim-69] 'compile' step finished in '1' seconds
INFO: [USF-XSim-3] XSim::Elaborate design
INFO: [USF-XSim-61] Executing 'ELABORATE' step in 'C:/000mygit/myeie/001CourseWare/004IntegratedSystemDesign/Lab/lab1/ChanghongLi_lab1_183/ChanghongLi_lab1_183.sim/sim_1/behav/xsim'
Vivado Simulator 2018.3
Copyright 1986-1999, 2001-2018 Xilinx, Inc. All Rights Reserved.
Running: C:/Xilinx/Vivado/2018.3/bin/unwrapped/win64.o/xelab.exe -wto 5820b1d2063e45e89b78c8c4893dcc3b --incr --debug typical --relax --mt 2 -L xil_defaultlib -L unisims_ver -L unimacro_ver -L secureip --snapshot Counter_tb_behav xil_defaultlib.Counter_tb xil_defaultlib.glbl -log elaborate.log 
Using 2 slave threads.
Starting static elaboration
Completed static elaboration
Starting simulation data flow analysis
Completed simulation data flow analysis
Time Resolution for simulation is 1ps
Compiling module xil_defaultlib.Counter
Compiling module xil_defaultlib.Counter_tb
Compiling module xil_defaultlib.glbl
Built simulation snapshot Counter_tb_behav

****** Webtalk v2018.3 (64-bit)
  **** SW Build 2405991 on Thu Dec  6 23:38:27 MST 2018
  **** IP Build 2404404 on Fri Dec  7 01:43:56 MST 2018
    ** Copyright 1986-2018 Xilinx, Inc. All Rights Reserved.

source C:/000mygit/myeie/001CourseWare/004IntegratedSystemDesign/Lab/lab1/ChanghongLi_lab1_183/ChanghongLi_lab1_183.sim/sim_1/behav/xsim/xsim.dir/Counter_tb_behav/webtalk/xsim_webtalk.tcl -notrace
INFO: [Common 17-206] Exiting Webtalk at Fri Sep 29 13:49:53 2023...
INFO: [USF-XSim-69] 'elaborate' step finished in '5' seconds
INFO: [USF-XSim-4] XSim::Simulate design
INFO: [USF-XSim-61] Executing 'SIMULATE' step in 'C:/000mygit/myeie/001CourseWare/004IntegratedSystemDesign/Lab/lab1/ChanghongLi_lab1_183/ChanghongLi_lab1_183.sim/sim_1/behav/xsim'
INFO: [USF-XSim-98] *** Running xsim
   with args "Counter_tb_behav -key {Behavioral:sim_1:Functional:Counter_tb} -tclbatch {Counter_tb.tcl} -log {simulate.log}"
INFO: [USF-XSim-8] Loading simulator feature
Vivado Simulator 2018.3
Time resolution is 1 ps
source Counter_tb.tcl
# set curr_wave [current_wave_config]
# if { [string length $curr_wave] == 0 } {
#   if { [llength [get_objects]] > 0} {
#     add_wave /
#     set_property needs_save false [current_wave_config]
#   } else {
#      send_msg_id Add_Wave-1 WARNING "No top level signals found. Simulator will start without a wave window. If you want to open a wave window go to 'File->New Waveform Configuration' or type 'create_wave_config' in the TCL console."
#   }
# }
# run 1000ns
INFO: [USF-XSim-96] XSim completed. Design snapshot 'Counter_tb_behav' loaded.
INFO: [USF-XSim-97] XSim simulation ran for 1000ns
launch_simulation: Time (s): cpu = 00:00:05 ; elapsed = 00:00:10 . Memory (MB): peak = 949.270 ; gain = 0.000
current_wave_config {Untitled 1}
Untitled 1
add_wave {{/Counter_tb}} 
current_wave_config {Untitled 1}
Untitled 1
add_wave {{/Counter_tb}} 
close_sim
INFO: [Simtcl 6-16] Simulation closed
launch_simulation
INFO: [Vivado 12-5682] Launching behavioral simulation in 'C:/000mygit/myeie/001CourseWare/004IntegratedSystemDesign/Lab/lab1/ChanghongLi_lab1_183/ChanghongLi_lab1_183.sim/sim_1/behav/xsim'
INFO: [SIM-utils-51] Simulation object is 'sim_1'
INFO: [SIM-utils-54] Inspecting design source files for 'Counter_tb' in fileset 'sim_1'...
INFO: [USF-XSim-97] Finding global include files...
INFO: [USF-XSim-98] Fetching design files from 'sim_1'...
INFO: [USF-XSim-2] XSim::Compile design
INFO: [USF-XSim-61] Executing 'COMPILE and ANALYZE' step in 'C:/000mygit/myeie/001CourseWare/004IntegratedSystemDesign/Lab/lab1/ChanghongLi_lab1_183/ChanghongLi_lab1_183.sim/sim_1/behav/xsim'
"xvlog --incr --relax -prj Counter_tb_vlog.prj"
INFO: [VRFC 10-2263] Analyzing SystemVerilog file "C:/000mygit/myeie/001CourseWare/004IntegratedSystemDesign/Lab/lab1/ChanghongLi_lab1_183/ChanghongLi_lab1_183.srcs/sources_1/new/Counter.sv" into library xil_defaultlib
INFO: [VRFC 10-311] analyzing module Counter
INFO: [VRFC 10-2263] Analyzing SystemVerilog file "C:/000mygit/myeie/001CourseWare/004IntegratedSystemDesign/Lab/lab1/ChanghongLi_lab1_183/ChanghongLi_lab1_183.srcs/sim_1/new/Counter_tb.sv" into library xil_defaultlib
INFO: [VRFC 10-311] analyzing module Counter_tb
INFO: [USF-XSim-69] 'compile' step finished in '1' seconds
INFO: [USF-XSim-3] XSim::Elaborate design
INFO: [USF-XSim-61] Executing 'ELABORATE' step in 'C:/000mygit/myeie/001CourseWare/004IntegratedSystemDesign/Lab/lab1/ChanghongLi_lab1_183/ChanghongLi_lab1_183.sim/sim_1/behav/xsim'
Vivado Simulator 2018.3
Copyright 1986-1999, 2001-2018 Xilinx, Inc. All Rights Reserved.
Running: C:/Xilinx/Vivado/2018.3/bin/unwrapped/win64.o/xelab.exe -wto 5820b1d2063e45e89b78c8c4893dcc3b --incr --debug typical --relax --mt 2 -L xil_defaultlib -L unisims_ver -L unimacro_ver -L secureip --snapshot Counter_tb_behav xil_defaultlib.Counter_tb xil_defaultlib.glbl -log elaborate.log 
Using 2 slave threads.
Starting static elaboration
Completed static elaboration
Starting simulation data flow analysis
Completed simulation data flow analysis
Time Resolution for simulation is 1ps
Compiling module xil_defaultlib.Counter
Compiling module xil_defaultlib.Counter_tb
Compiling module xil_defaultlib.glbl
Built simulation snapshot Counter_tb_behav
INFO: [USF-XSim-69] 'elaborate' step finished in '1' seconds
INFO: [USF-XSim-4] XSim::Simulate design
INFO: [USF-XSim-61] Executing 'SIMULATE' step in 'C:/000mygit/myeie/001CourseWare/004IntegratedSystemDesign/Lab/lab1/ChanghongLi_lab1_183/ChanghongLi_lab1_183.sim/sim_1/behav/xsim'
INFO: [USF-XSim-98] *** Running xsim
   with args "Counter_tb_behav -key {Behavioral:sim_1:Functional:Counter_tb} -tclbatch {Counter_tb.tcl} -log {simulate.log}"
INFO: [USF-XSim-8] Loading simulator feature
Vivado Simulator 2018.3
Time resolution is 1 ps
source Counter_tb.tcl
# set curr_wave [current_wave_config]
# if { [string length $curr_wave] == 0 } {
#   if { [llength [get_objects]] > 0} {
#     add_wave /
#     set_property needs_save false [current_wave_config]
#   } else {
#      send_msg_id Add_Wave-1 WARNING "No top level signals found. Simulator will start without a wave window. If you want to open a wave window go to 'File->New Waveform Configuration' or type 'create_wave_config' in the TCL console."
#   }
# }
# run 1000ns
INFO: [USF-XSim-96] XSim completed. Design snapshot 'Counter_tb_behav' loaded.
INFO: [USF-XSim-97] XSim simulation ran for 1000ns
add_bp {C:/000mygit/myeie/001CourseWare/004IntegratedSystemDesign/Lab/lab1/ChanghongLi_lab1_183/ChanghongLi_lab1_183.srcs/sim_1/new/Counter_tb.sv} 40
remove_bps -file {C:/000mygit/myeie/001CourseWare/004IntegratedSystemDesign/Lab/lab1/ChanghongLi_lab1_183/ChanghongLi_lab1_183.srcs/sim_1/new/Counter_tb.sv} -line 40
add_bp {C:/000mygit/myeie/001CourseWare/004IntegratedSystemDesign/Lab/lab1/ChanghongLi_lab1_183/ChanghongLi_lab1_183.srcs/sim_1/new/Counter_tb.sv} 41
remove_bps -file {C:/000mygit/myeie/001CourseWare/004IntegratedSystemDesign/Lab/lab1/ChanghongLi_lab1_183/ChanghongLi_lab1_183.srcs/sim_1/new/Counter_tb.sv} -line 41
add_bp {C:/000mygit/myeie/001CourseWare/004IntegratedSystemDesign/Lab/lab1/ChanghongLi_lab1_183/ChanghongLi_lab1_183.srcs/sim_1/new/Counter_tb.sv} 41
remove_bps -file {C:/000mygit/myeie/001CourseWare/004IntegratedSystemDesign/Lab/lab1/ChanghongLi_lab1_183/ChanghongLi_lab1_183.srcs/sim_1/new/Counter_tb.sv} -line 41
add_bp {C:/000mygit/myeie/001CourseWare/004IntegratedSystemDesign/Lab/lab1/ChanghongLi_lab1_183/ChanghongLi_lab1_183.srcs/sim_1/new/Counter_tb.sv} 51
remove_bps -file {C:/000mygit/myeie/001CourseWare/004IntegratedSystemDesign/Lab/lab1/ChanghongLi_lab1_183/ChanghongLi_lab1_183.srcs/sim_1/new/Counter_tb.sv} -line 51
close_sim
INFO: [Simtcl 6-16] Simulation closed
launch_simulation
INFO: [Vivado 12-5682] Launching behavioral simulation in 'C:/000mygit/myeie/001CourseWare/004IntegratedSystemDesign/Lab/lab1/ChanghongLi_lab1_183/ChanghongLi_lab1_183.sim/sim_1/behav/xsim'
INFO: [SIM-utils-51] Simulation object is 'sim_1'
INFO: [SIM-utils-54] Inspecting design source files for 'Counter_tb' in fileset 'sim_1'...
INFO: [USF-XSim-97] Finding global include files...
INFO: [USF-XSim-98] Fetching design files from 'sim_1'...
INFO: [USF-XSim-2] XSim::Compile design
INFO: [USF-XSim-61] Executing 'COMPILE and ANALYZE' step in 'C:/000mygit/myeie/001CourseWare/004IntegratedSystemDesign/Lab/lab1/ChanghongLi_lab1_183/ChanghongLi_lab1_183.sim/sim_1/behav/xsim'
"xvlog --incr --relax -prj Counter_tb_vlog.prj"
INFO: [USF-XSim-69] 'compile' step finished in '1' seconds
INFO: [USF-XSim-3] XSim::Elaborate design
INFO: [USF-XSim-61] Executing 'ELABORATE' step in 'C:/000mygit/myeie/001CourseWare/004IntegratedSystemDesign/Lab/lab1/ChanghongLi_lab1_183/ChanghongLi_lab1_183.sim/sim_1/behav/xsim'
Vivado Simulator 2018.3
Copyright 1986-1999, 2001-2018 Xilinx, Inc. All Rights Reserved.
Running: C:/Xilinx/Vivado/2018.3/bin/unwrapped/win64.o/xelab.exe -wto 5820b1d2063e45e89b78c8c4893dcc3b --incr --debug typical --relax --mt 2 -L xil_defaultlib -L unisims_ver -L unimacro_ver -L secureip --snapshot Counter_tb_behav xil_defaultlib.Counter_tb xil_defaultlib.glbl -log elaborate.log 
Using 2 slave threads.
Starting static elaboration
Completed static elaboration
INFO: [XSIM 43-4323] No Change in HDL. Linking previously generated obj files to create kernel
INFO: [USF-XSim-69] 'elaborate' step finished in '2' seconds
INFO: [USF-XSim-4] XSim::Simulate design
INFO: [USF-XSim-61] Executing 'SIMULATE' step in 'C:/000mygit/myeie/001CourseWare/004IntegratedSystemDesign/Lab/lab1/ChanghongLi_lab1_183/ChanghongLi_lab1_183.sim/sim_1/behav/xsim'
INFO: [USF-XSim-98] *** Running xsim
   with args "Counter_tb_behav -key {Behavioral:sim_1:Functional:Counter_tb} -tclbatch {Counter_tb.tcl} -log {simulate.log}"
INFO: [USF-XSim-8] Loading simulator feature
Vivado Simulator 2018.3
Time resolution is 1 ps
source Counter_tb.tcl
# set curr_wave [current_wave_config]
# if { [string length $curr_wave] == 0 } {
#   if { [llength [get_objects]] > 0} {
#     add_wave /
#     set_property needs_save false [current_wave_config]
#   } else {
#      send_msg_id Add_Wave-1 WARNING "No top level signals found. Simulator will start without a wave window. If you want to open a wave window go to 'File->New Waveform Configuration' or type 'create_wave_config' in the TCL console."
#   }
# }
# run 1000ns
INFO: [USF-XSim-96] XSim completed. Design snapshot 'Counter_tb_behav' loaded.
INFO: [USF-XSim-97] XSim simulation ran for 1000ns
close_sim
INFO: [Simtcl 6-16] Simulation closed
launch_simulation
INFO: [Vivado 12-5682] Launching behavioral simulation in 'C:/000mygit/myeie/001CourseWare/004IntegratedSystemDesign/Lab/lab1/ChanghongLi_lab1_183/ChanghongLi_lab1_183.sim/sim_1/behav/xsim'
INFO: [SIM-utils-51] Simulation object is 'sim_1'
INFO: [SIM-utils-54] Inspecting design source files for 'Counter_tb' in fileset 'sim_1'...
INFO: [USF-XSim-97] Finding global include files...
INFO: [USF-XSim-98] Fetching design files from 'sim_1'...
INFO: [USF-XSim-2] XSim::Compile design
INFO: [USF-XSim-61] Executing 'COMPILE and ANALYZE' step in 'C:/000mygit/myeie/001CourseWare/004IntegratedSystemDesign/Lab/lab1/ChanghongLi_lab1_183/ChanghongLi_lab1_183.sim/sim_1/behav/xsim'
"xvlog --incr --relax -prj Counter_tb_vlog.prj"
INFO: [VRFC 10-2263] Analyzing SystemVerilog file "C:/000mygit/myeie/001CourseWare/004IntegratedSystemDesign/Lab/lab1/ChanghongLi_lab1_183/ChanghongLi_lab1_183.srcs/sources_1/new/Counter.sv" into library xil_defaultlib
INFO: [VRFC 10-311] analyzing module Counter
INFO: [VRFC 10-2263] Analyzing SystemVerilog file "C:/000mygit/myeie/001CourseWare/004IntegratedSystemDesign/Lab/lab1/ChanghongLi_lab1_183/ChanghongLi_lab1_183.srcs/sim_1/new/Counter_tb.sv" into library xil_defaultlib
INFO: [VRFC 10-311] analyzing module Counter_tb
INFO: [USF-XSim-69] 'compile' step finished in '1' seconds
INFO: [USF-XSim-3] XSim::Elaborate design
INFO: [USF-XSim-61] Executing 'ELABORATE' step in 'C:/000mygit/myeie/001CourseWare/004IntegratedSystemDesign/Lab/lab1/ChanghongLi_lab1_183/ChanghongLi_lab1_183.sim/sim_1/behav/xsim'
Vivado Simulator 2018.3
Copyright 1986-1999, 2001-2018 Xilinx, Inc. All Rights Reserved.
Running: C:/Xilinx/Vivado/2018.3/bin/unwrapped/win64.o/xelab.exe -wto 5820b1d2063e45e89b78c8c4893dcc3b --incr --debug typical --relax --mt 2 -L xil_defaultlib -L unisims_ver -L unimacro_ver -L secureip --snapshot Counter_tb_behav xil_defaultlib.Counter_tb xil_defaultlib.glbl -log elaborate.log 
Using 2 slave threads.
Starting static elaboration
Completed static elaboration
Starting simulation data flow analysis
Completed simulation data flow analysis
Time Resolution for simulation is 1ps
Compiling module xil_defaultlib.Counter
Compiling module xil_defaultlib.Counter_tb
Compiling module xil_defaultlib.glbl
Built simulation snapshot Counter_tb_behav
INFO: [USF-XSim-69] 'elaborate' step finished in '2' seconds
INFO: [USF-XSim-4] XSim::Simulate design
INFO: [USF-XSim-61] Executing 'SIMULATE' step in 'C:/000mygit/myeie/001CourseWare/004IntegratedSystemDesign/Lab/lab1/ChanghongLi_lab1_183/ChanghongLi_lab1_183.sim/sim_1/behav/xsim'
INFO: [USF-XSim-98] *** Running xsim
   with args "Counter_tb_behav -key {Behavioral:sim_1:Functional:Counter_tb} -tclbatch {Counter_tb.tcl} -log {simulate.log}"
INFO: [USF-XSim-8] Loading simulator feature
Vivado Simulator 2018.3
Time resolution is 1 ps
source Counter_tb.tcl
# set curr_wave [current_wave_config]
# if { [string length $curr_wave] == 0 } {
#   if { [llength [get_objects]] > 0} {
#     add_wave /
#     set_property needs_save false [current_wave_config]
#   } else {
#      send_msg_id Add_Wave-1 WARNING "No top level signals found. Simulator will start without a wave window. If you want to open a wave window go to 'File->New Waveform Configuration' or type 'create_wave_config' in the TCL console."
#   }
# }
# run 1000ns
INFO: [USF-XSim-96] XSim completed. Design snapshot 'Counter_tb_behav' loaded.
INFO: [USF-XSim-97] XSim simulation ran for 1000ns
close_sim
INFO: [Simtcl 6-16] Simulation closed
launch_simulation
INFO: [Vivado 12-5682] Launching behavioral simulation in 'C:/000mygit/myeie/001CourseWare/004IntegratedSystemDesign/Lab/lab1/ChanghongLi_lab1_183/ChanghongLi_lab1_183.sim/sim_1/behav/xsim'
INFO: [SIM-utils-51] Simulation object is 'sim_1'
INFO: [SIM-utils-54] Inspecting design source files for 'Counter_tb' in fileset 'sim_1'...
INFO: [USF-XSim-97] Finding global include files...
INFO: [USF-XSim-98] Fetching design files from 'sim_1'...
INFO: [USF-XSim-2] XSim::Compile design
INFO: [USF-XSim-61] Executing 'COMPILE and ANALYZE' step in 'C:/000mygit/myeie/001CourseWare/004IntegratedSystemDesign/Lab/lab1/ChanghongLi_lab1_183/ChanghongLi_lab1_183.sim/sim_1/behav/xsim'
"xvlog --incr --relax -prj Counter_tb_vlog.prj"
INFO: [VRFC 10-2263] Analyzing SystemVerilog file "C:/000mygit/myeie/001CourseWare/004IntegratedSystemDesign/Lab/lab1/ChanghongLi_lab1_183/ChanghongLi_lab1_183.srcs/sim_1/new/Counter_tb.sv" into library xil_defaultlib
INFO: [VRFC 10-311] analyzing module Counter_tb
INFO: [USF-XSim-69] 'compile' step finished in '2' seconds
INFO: [USF-XSim-3] XSim::Elaborate design
INFO: [USF-XSim-61] Executing 'ELABORATE' step in 'C:/000mygit/myeie/001CourseWare/004IntegratedSystemDesign/Lab/lab1/ChanghongLi_lab1_183/ChanghongLi_lab1_183.sim/sim_1/behav/xsim'
Vivado Simulator 2018.3
Copyright 1986-1999, 2001-2018 Xilinx, Inc. All Rights Reserved.
Running: C:/Xilinx/Vivado/2018.3/bin/unwrapped/win64.o/xelab.exe -wto 5820b1d2063e45e89b78c8c4893dcc3b --incr --debug typical --relax --mt 2 -L xil_defaultlib -L unisims_ver -L unimacro_ver -L secureip --snapshot Counter_tb_behav xil_defaultlib.Counter_tb xil_defaultlib.glbl -log elaborate.log 
Using 2 slave threads.
Starting static elaboration
Completed static elaboration
Starting simulation data flow analysis
Completed simulation data flow analysis
Time Resolution for simulation is 1ps
Compiling module xil_defaultlib.Counter_tb
Compiling module xil_defaultlib.glbl
Built simulation snapshot Counter_tb_behav
INFO: [USF-XSim-69] 'elaborate' step finished in '1' seconds
INFO: [USF-XSim-4] XSim::Simulate design
INFO: [USF-XSim-61] Executing 'SIMULATE' step in 'C:/000mygit/myeie/001CourseWare/004IntegratedSystemDesign/Lab/lab1/ChanghongLi_lab1_183/ChanghongLi_lab1_183.sim/sim_1/behav/xsim'
INFO: [USF-XSim-98] *** Running xsim
   with args "Counter_tb_behav -key {Behavioral:sim_1:Functional:Counter_tb} -tclbatch {Counter_tb.tcl} -log {simulate.log}"
INFO: [USF-XSim-8] Loading simulator feature
Vivado Simulator 2018.3
Time resolution is 1 ps
source Counter_tb.tcl
# set curr_wave [current_wave_config]
# if { [string length $curr_wave] == 0 } {
#   if { [llength [get_objects]] > 0} {
#     add_wave /
#     set_property needs_save false [current_wave_config]
#   } else {
#      send_msg_id Add_Wave-1 WARNING "No top level signals found. Simulator will start without a wave window. If you want to open a wave window go to 'File->New Waveform Configuration' or type 'create_wave_config' in the TCL console."
#   }
# }
# run 1000ns
INFO: [USF-XSim-96] XSim completed. Design snapshot 'Counter_tb_behav' loaded.
INFO: [USF-XSim-97] XSim simulation ran for 1000ns
launch_simulation: Time (s): cpu = 00:00:03 ; elapsed = 00:00:05 . Memory (MB): peak = 949.270 ; gain = 0.000
close_sim
INFO: [Simtcl 6-16] Simulation closed
launch_simulation
INFO: [Vivado 12-5682] Launching behavioral simulation in 'C:/000mygit/myeie/001CourseWare/004IntegratedSystemDesign/Lab/lab1/ChanghongLi_lab1_183/ChanghongLi_lab1_183.sim/sim_1/behav/xsim'
INFO: [SIM-utils-51] Simulation object is 'sim_1'
INFO: [SIM-utils-54] Inspecting design source files for 'Counter_tb' in fileset 'sim_1'...
INFO: [USF-XSim-97] Finding global include files...
INFO: [USF-XSim-98] Fetching design files from 'sim_1'...
INFO: [USF-XSim-2] XSim::Compile design
INFO: [USF-XSim-61] Executing 'COMPILE and ANALYZE' step in 'C:/000mygit/myeie/001CourseWare/004IntegratedSystemDesign/Lab/lab1/ChanghongLi_lab1_183/ChanghongLi_lab1_183.sim/sim_1/behav/xsim'
"xvlog --incr --relax -prj Counter_tb_vlog.prj"
INFO: [VRFC 10-2263] Analyzing SystemVerilog file "C:/000mygit/myeie/001CourseWare/004IntegratedSystemDesign/Lab/lab1/ChanghongLi_lab1_183/ChanghongLi_lab1_183.srcs/sim_1/new/Counter_tb.sv" into library xil_defaultlib
INFO: [VRFC 10-311] analyzing module Counter_tb
INFO: [USF-XSim-69] 'compile' step finished in '1' seconds
INFO: [USF-XSim-3] XSim::Elaborate design
INFO: [USF-XSim-61] Executing 'ELABORATE' step in 'C:/000mygit/myeie/001CourseWare/004IntegratedSystemDesign/Lab/lab1/ChanghongLi_lab1_183/ChanghongLi_lab1_183.sim/sim_1/behav/xsim'
Vivado Simulator 2018.3
Copyright 1986-1999, 2001-2018 Xilinx, Inc. All Rights Reserved.
Running: C:/Xilinx/Vivado/2018.3/bin/unwrapped/win64.o/xelab.exe -wto 5820b1d2063e45e89b78c8c4893dcc3b --incr --debug typical --relax --mt 2 -L xil_defaultlib -L unisims_ver -L unimacro_ver -L secureip --snapshot Counter_tb_behav xil_defaultlib.Counter_tb xil_defaultlib.glbl -log elaborate.log 
Using 2 slave threads.
Starting static elaboration
Completed static elaboration
Starting simulation data flow analysis
Completed simulation data flow analysis
Time Resolution for simulation is 1ps
Compiling module xil_defaultlib.Counter_tb
Compiling module xil_defaultlib.glbl
Built simulation snapshot Counter_tb_behav
INFO: [USF-XSim-69] 'elaborate' step finished in '1' seconds
INFO: [USF-XSim-4] XSim::Simulate design
INFO: [USF-XSim-61] Executing 'SIMULATE' step in 'C:/000mygit/myeie/001CourseWare/004IntegratedSystemDesign/Lab/lab1/ChanghongLi_lab1_183/ChanghongLi_lab1_183.sim/sim_1/behav/xsim'
INFO: [USF-XSim-98] *** Running xsim
   with args "Counter_tb_behav -key {Behavioral:sim_1:Functional:Counter_tb} -tclbatch {Counter_tb.tcl} -log {simulate.log}"
INFO: [USF-XSim-8] Loading simulator feature
Vivado Simulator 2018.3
Time resolution is 1 ps
source Counter_tb.tcl
# set curr_wave [current_wave_config]
# if { [string length $curr_wave] == 0 } {
#   if { [llength [get_objects]] > 0} {
#     add_wave /
#     set_property needs_save false [current_wave_config]
#   } else {
#      send_msg_id Add_Wave-1 WARNING "No top level signals found. Simulator will start without a wave window. If you want to open a wave window go to 'File->New Waveform Configuration' or type 'create_wave_config' in the TCL console."
#   }
# }
# run 1000ns
INFO: [USF-XSim-96] XSim completed. Design snapshot 'Counter_tb_behav' loaded.
INFO: [USF-XSim-97] XSim simulation ran for 1000ns
run all
run: Time (s): cpu = 00:00:14 ; elapsed = 00:00:14 . Memory (MB): peak = 949.270 ; gain = 0.000
add_bp {C:/000mygit/myeie/001CourseWare/004IntegratedSystemDesign/Lab/lab1/ChanghongLi_lab1_183/ChanghongLi_lab1_183.srcs/sim_1/new/Counter_tb.sv} 40
remove_bps -file {C:/000mygit/myeie/001CourseWare/004IntegratedSystemDesign/Lab/lab1/ChanghongLi_lab1_183/ChanghongLi_lab1_183.srcs/sim_1/new/Counter_tb.sv} -line 40
close_sim
INFO: [Simtcl 6-16] Simulation closed
launch_simulation
INFO: [Vivado 12-5682] Launching behavioral simulation in 'C:/000mygit/myeie/001CourseWare/004IntegratedSystemDesign/Lab/lab1/ChanghongLi_lab1_183/ChanghongLi_lab1_183.sim/sim_1/behav/xsim'
INFO: [SIM-utils-51] Simulation object is 'sim_1'
INFO: [SIM-utils-54] Inspecting design source files for 'Counter_tb' in fileset 'sim_1'...
INFO: [USF-XSim-97] Finding global include files...
INFO: [USF-XSim-98] Fetching design files from 'sim_1'...
INFO: [USF-XSim-2] XSim::Compile design
INFO: [USF-XSim-61] Executing 'COMPILE and ANALYZE' step in 'C:/000mygit/myeie/001CourseWare/004IntegratedSystemDesign/Lab/lab1/ChanghongLi_lab1_183/ChanghongLi_lab1_183.sim/sim_1/behav/xsim'
"xvlog --incr --relax -prj Counter_tb_vlog.prj"
INFO: [VRFC 10-2263] Analyzing SystemVerilog file "C:/000mygit/myeie/001CourseWare/004IntegratedSystemDesign/Lab/lab1/ChanghongLi_lab1_183/ChanghongLi_lab1_183.srcs/sim_1/new/Counter_tb.sv" into library xil_defaultlib
INFO: [VRFC 10-311] analyzing module Counter_tb
INFO: [USF-XSim-69] 'compile' step finished in '1' seconds
INFO: [USF-XSim-3] XSim::Elaborate design
INFO: [USF-XSim-61] Executing 'ELABORATE' step in 'C:/000mygit/myeie/001CourseWare/004IntegratedSystemDesign/Lab/lab1/ChanghongLi_lab1_183/ChanghongLi_lab1_183.sim/sim_1/behav/xsim'
Vivado Simulator 2018.3
Copyright 1986-1999, 2001-2018 Xilinx, Inc. All Rights Reserved.
Running: C:/Xilinx/Vivado/2018.3/bin/unwrapped/win64.o/xelab.exe -wto 5820b1d2063e45e89b78c8c4893dcc3b --incr --debug typical --relax --mt 2 -L xil_defaultlib -L unisims_ver -L unimacro_ver -L secureip --snapshot Counter_tb_behav xil_defaultlib.Counter_tb xil_defaultlib.glbl -log elaborate.log 
Using 2 slave threads.
Starting static elaboration
Completed static elaboration
Starting simulation data flow analysis
Completed simulation data flow analysis
Time Resolution for simulation is 1ps
Compiling module xil_defaultlib.Counter_tb
Compiling module xil_defaultlib.glbl
Built simulation snapshot Counter_tb_behav
INFO: [USF-XSim-69] 'elaborate' step finished in '2' seconds
INFO: [USF-XSim-4] XSim::Simulate design
INFO: [USF-XSim-61] Executing 'SIMULATE' step in 'C:/000mygit/myeie/001CourseWare/004IntegratedSystemDesign/Lab/lab1/ChanghongLi_lab1_183/ChanghongLi_lab1_183.sim/sim_1/behav/xsim'
INFO: [USF-XSim-98] *** Running xsim
   with args "Counter_tb_behav -key {Behavioral:sim_1:Functional:Counter_tb} -tclbatch {Counter_tb.tcl} -log {simulate.log}"
INFO: [USF-XSim-8] Loading simulator feature
Vivado Simulator 2018.3
Time resolution is 1 ps
source Counter_tb.tcl
# set curr_wave [current_wave_config]
# if { [string length $curr_wave] == 0 } {
#   if { [llength [get_objects]] > 0} {
#     add_wave /
#     set_property needs_save false [current_wave_config]
#   } else {
#      send_msg_id Add_Wave-1 WARNING "No top level signals found. Simulator will start without a wave window. If you want to open a wave window go to 'File->New Waveform Configuration' or type 'create_wave_config' in the TCL console."
#   }
# }
# run 1000ns
INFO: [USF-XSim-96] XSim completed. Design snapshot 'Counter_tb_behav' loaded.
INFO: [USF-XSim-97] XSim simulation ran for 1000ns
run 10 us
run 10 us
run 10 us
run 10 us
run 10 us
run 10 us
run 10 us
run all
run: Time (s): cpu = 00:00:50 ; elapsed = 00:00:48 . Memory (MB): peak = 949.270 ; gain = 0.000
close_sim
INFO: [Simtcl 6-16] Simulation closed
launch_simulation
INFO: [Vivado 12-5682] Launching behavioral simulation in 'C:/000mygit/myeie/001CourseWare/004IntegratedSystemDesign/Lab/lab1/ChanghongLi_lab1_183/ChanghongLi_lab1_183.sim/sim_1/behav/xsim'
INFO: [SIM-utils-51] Simulation object is 'sim_1'
INFO: [SIM-utils-54] Inspecting design source files for 'Counter_tb' in fileset 'sim_1'...
INFO: [USF-XSim-97] Finding global include files...
INFO: [USF-XSim-98] Fetching design files from 'sim_1'...
INFO: [USF-XSim-2] XSim::Compile design
INFO: [USF-XSim-61] Executing 'COMPILE and ANALYZE' step in 'C:/000mygit/myeie/001CourseWare/004IntegratedSystemDesign/Lab/lab1/ChanghongLi_lab1_183/ChanghongLi_lab1_183.sim/sim_1/behav/xsim'
"xvlog --incr --relax -prj Counter_tb_vlog.prj"
INFO: [VRFC 10-2263] Analyzing SystemVerilog file "C:/000mygit/myeie/001CourseWare/004IntegratedSystemDesign/Lab/lab1/ChanghongLi_lab1_183/ChanghongLi_lab1_183.srcs/sources_1/new/Counter.sv" into library xil_defaultlib
INFO: [VRFC 10-311] analyzing module Counter
INFO: [VRFC 10-2263] Analyzing SystemVerilog file "C:/000mygit/myeie/001CourseWare/004IntegratedSystemDesign/Lab/lab1/ChanghongLi_lab1_183/ChanghongLi_lab1_183.srcs/sim_1/new/Counter_tb.sv" into library xil_defaultlib
INFO: [VRFC 10-311] analyzing module Counter_tb
INFO: [USF-XSim-69] 'compile' step finished in '1' seconds
INFO: [USF-XSim-3] XSim::Elaborate design
INFO: [USF-XSim-61] Executing 'ELABORATE' step in 'C:/000mygit/myeie/001CourseWare/004IntegratedSystemDesign/Lab/lab1/ChanghongLi_lab1_183/ChanghongLi_lab1_183.sim/sim_1/behav/xsim'
Vivado Simulator 2018.3
Copyright 1986-1999, 2001-2018 Xilinx, Inc. All Rights Reserved.
Running: C:/Xilinx/Vivado/2018.3/bin/unwrapped/win64.o/xelab.exe -wto 5820b1d2063e45e89b78c8c4893dcc3b --incr --debug typical --relax --mt 2 -L xil_defaultlib -L unisims_ver -L unimacro_ver -L secureip --snapshot Counter_tb_behav xil_defaultlib.Counter_tb xil_defaultlib.glbl -log elaborate.log 
Using 2 slave threads.
Starting static elaboration
ERROR: [VRFC 10-3823] variable 'q' might have multiple concurrent drivers [C:/000mygit/myeie/001CourseWare/004IntegratedSystemDesign/Lab/lab1/ChanghongLi_lab1_183/ChanghongLi_lab1_183.srcs/sim_1/new/Counter_tb.sv:39]
ERROR: [XSIM 43-3322] Static elaboration of top level Verilog design unit(s) in library work failed.
INFO: [USF-XSim-69] 'elaborate' step finished in '1' seconds
INFO: [USF-XSim-99] Step results log file:'C:/000mygit/myeie/001CourseWare/004IntegratedSystemDesign/Lab/lab1/ChanghongLi_lab1_183/ChanghongLi_lab1_183.sim/sim_1/behav/xsim/elaborate.log'
ERROR: [USF-XSim-62] 'elaborate' step failed with error(s). Please check the Tcl console output or 'C:/000mygit/myeie/001CourseWare/004IntegratedSystemDesign/Lab/lab1/ChanghongLi_lab1_183/ChanghongLi_lab1_183.sim/sim_1/behav/xsim/elaborate.log' file for more information.
ERROR: [Vivado 12-4473] Detected error while running simulation. Please correct the issue and retry this operation.
ERROR: [Common 17-39] 'launch_simulation' failed due to earlier errors.
launch_simulation
INFO: [Vivado 12-5682] Launching behavioral simulation in 'C:/000mygit/myeie/001CourseWare/004IntegratedSystemDesign/Lab/lab1/ChanghongLi_lab1_183/ChanghongLi_lab1_183.sim/sim_1/behav/xsim'
INFO: [SIM-utils-51] Simulation object is 'sim_1'
INFO: [SIM-utils-54] Inspecting design source files for 'Counter_tb' in fileset 'sim_1'...
INFO: [USF-XSim-97] Finding global include files...
INFO: [USF-XSim-98] Fetching design files from 'sim_1'...
INFO: [USF-XSim-2] XSim::Compile design
INFO: [USF-XSim-61] Executing 'COMPILE and ANALYZE' step in 'C:/000mygit/myeie/001CourseWare/004IntegratedSystemDesign/Lab/lab1/ChanghongLi_lab1_183/ChanghongLi_lab1_183.sim/sim_1/behav/xsim'
"xvlog --incr --relax -prj Counter_tb_vlog.prj"
INFO: [VRFC 10-2263] Analyzing SystemVerilog file "C:/000mygit/myeie/001CourseWare/004IntegratedSystemDesign/Lab/lab1/ChanghongLi_lab1_183/ChanghongLi_lab1_183.srcs/sources_1/new/Counter.sv" into library xil_defaultlib
INFO: [VRFC 10-311] analyzing module Counter
INFO: [VRFC 10-2263] Analyzing SystemVerilog file "C:/000mygit/myeie/001CourseWare/004IntegratedSystemDesign/Lab/lab1/ChanghongLi_lab1_183/ChanghongLi_lab1_183.srcs/sim_1/new/Counter_tb.sv" into library xil_defaultlib
INFO: [VRFC 10-311] analyzing module Counter_tb
INFO: [USF-XSim-69] 'compile' step finished in '1' seconds
INFO: [USF-XSim-3] XSim::Elaborate design
INFO: [USF-XSim-61] Executing 'ELABORATE' step in 'C:/000mygit/myeie/001CourseWare/004IntegratedSystemDesign/Lab/lab1/ChanghongLi_lab1_183/ChanghongLi_lab1_183.sim/sim_1/behav/xsim'
Vivado Simulator 2018.3
Copyright 1986-1999, 2001-2018 Xilinx, Inc. All Rights Reserved.
Running: C:/Xilinx/Vivado/2018.3/bin/unwrapped/win64.o/xelab.exe -wto 5820b1d2063e45e89b78c8c4893dcc3b --incr --debug typical --relax --mt 2 -L xil_defaultlib -L unisims_ver -L unimacro_ver -L secureip --snapshot Counter_tb_behav xil_defaultlib.Counter_tb xil_defaultlib.glbl -log elaborate.log 
Using 2 slave threads.
Starting static elaboration
Completed static elaboration
Starting simulation data flow analysis
Completed simulation data flow analysis
Time Resolution for simulation is 1ps
Compiling module xil_defaultlib.Counter
Compiling module xil_defaultlib.Counter_tb
Compiling module xil_defaultlib.glbl
Built simulation snapshot Counter_tb_behav
INFO: [USF-XSim-69] 'elaborate' step finished in '1' seconds
INFO: [USF-XSim-4] XSim::Simulate design
INFO: [USF-XSim-61] Executing 'SIMULATE' step in 'C:/000mygit/myeie/001CourseWare/004IntegratedSystemDesign/Lab/lab1/ChanghongLi_lab1_183/ChanghongLi_lab1_183.sim/sim_1/behav/xsim'
INFO: [USF-XSim-98] *** Running xsim
   with args "Counter_tb_behav -key {Behavioral:sim_1:Functional:Counter_tb} -tclbatch {Counter_tb.tcl} -log {simulate.log}"
INFO: [USF-XSim-8] Loading simulator feature
Vivado Simulator 2018.3
Time resolution is 1 ps
source Counter_tb.tcl
# set curr_wave [current_wave_config]
# if { [string length $curr_wave] == 0 } {
#   if { [llength [get_objects]] > 0} {
#     add_wave /
#     set_property needs_save false [current_wave_config]
#   } else {
#      send_msg_id Add_Wave-1 WARNING "No top level signals found. Simulator will start without a wave window. If you want to open a wave window go to 'File->New Waveform Configuration' or type 'create_wave_config' in the TCL console."
#   }
# }
# run 1000ns
INFO: [USF-XSim-96] XSim completed. Design snapshot 'Counter_tb_behav' loaded.
INFO: [USF-XSim-97] XSim simulation ran for 1000ns
run 10 us
run 10 us
run 10 us
run 10 us
run 10 us
add_bp {C:/000mygit/myeie/001CourseWare/004IntegratedSystemDesign/Lab/lab1/ChanghongLi_lab1_183/ChanghongLi_lab1_183.srcs/sim_1/new/Counter_tb.sv} 40
remove_bps -file {C:/000mygit/myeie/001CourseWare/004IntegratedSystemDesign/Lab/lab1/ChanghongLi_lab1_183/ChanghongLi_lab1_183.srcs/sim_1/new/Counter_tb.sv} -line 40
add_bp {C:/000mygit/myeie/001CourseWare/004IntegratedSystemDesign/Lab/lab1/ChanghongLi_lab1_183/ChanghongLi_lab1_183.srcs/sources_1/new/Counter.sv} 48
remove_bps -file {C:/000mygit/myeie/001CourseWare/004IntegratedSystemDesign/Lab/lab1/ChanghongLi_lab1_183/ChanghongLi_lab1_183.srcs/sources_1/new/Counter.sv} -line 48
add_bp {C:/000mygit/myeie/001CourseWare/004IntegratedSystemDesign/Lab/lab1/ChanghongLi_lab1_183/ChanghongLi_lab1_183.srcs/sources_1/new/Counter.sv} 34
run 10 us
Stopped at time : 51002 ns : File "C:/000mygit/myeie/001CourseWare/004IntegratedSystemDesign/Lab/lab1/ChanghongLi_lab1_183/ChanghongLi_lab1_183.srcs/sources_1/new/Counter.sv" Line 34
step
Stopped at time : 51003 ns : File "C:/000mygit/myeie/001CourseWare/004IntegratedSystemDesign/Lab/lab1/ChanghongLi_lab1_183/ChanghongLi_lab1_183.srcs/sim_1/new/Counter_tb.sv" Line 50
step
Stopped at time : 51003 ns : File "C:/000mygit/myeie/001CourseWare/004IntegratedSystemDesign/Lab/lab1/ChanghongLi_lab1_183/ChanghongLi_lab1_183.srcs/sim_1/new/Counter_tb.sv" Line 50
step
Stopped at time : 51004 ns : File "C:/000mygit/myeie/001CourseWare/004IntegratedSystemDesign/Lab/lab1/ChanghongLi_lab1_183/ChanghongLi_lab1_183.srcs/sim_1/new/Counter_tb.sv" Line 50
step
Stopped at time : 51004 ns : File "C:/000mygit/myeie/001CourseWare/004IntegratedSystemDesign/Lab/lab1/ChanghongLi_lab1_183/ChanghongLi_lab1_183.srcs/sim_1/new/Counter_tb.sv" Line 50
step
Stopped at time : 51004 ns : File "C:/000mygit/myeie/001CourseWare/004IntegratedSystemDesign/Lab/lab1/ChanghongLi_lab1_183/ChanghongLi_lab1_183.srcs/sources_1/new/Counter.sv" Line 35
step
Stopped at time : 51004 ns : File "C:/000mygit/myeie/001CourseWare/004IntegratedSystemDesign/Lab/lab1/ChanghongLi_lab1_183/ChanghongLi_lab1_183.srcs/sources_1/new/Counter.sv" Line 34
step
Stopped at time : 51005 ns : File "C:/000mygit/myeie/001CourseWare/004IntegratedSystemDesign/Lab/lab1/ChanghongLi_lab1_183/ChanghongLi_lab1_183.srcs/sim_1/new/Counter_tb.sv" Line 50
step
Stopped at time : 51005 ns : File "C:/000mygit/myeie/001CourseWare/004IntegratedSystemDesign/Lab/lab1/ChanghongLi_lab1_183/ChanghongLi_lab1_183.srcs/sim_1/new/Counter_tb.sv" Line 50
step
Stopped at time : 51006 ns : File "C:/000mygit/myeie/001CourseWare/004IntegratedSystemDesign/Lab/lab1/ChanghongLi_lab1_183/ChanghongLi_lab1_183.srcs/sim_1/new/Counter_tb.sv" Line 50
step
Stopped at time : 51006 ns : File "C:/000mygit/myeie/001CourseWare/004IntegratedSystemDesign/Lab/lab1/ChanghongLi_lab1_183/ChanghongLi_lab1_183.srcs/sim_1/new/Counter_tb.sv" Line 50
step
Stopped at time : 51006 ns : File "C:/000mygit/myeie/001CourseWare/004IntegratedSystemDesign/Lab/lab1/ChanghongLi_lab1_183/ChanghongLi_lab1_183.srcs/sources_1/new/Counter.sv" Line 35
step
Stopped at time : 51006 ns : File "C:/000mygit/myeie/001CourseWare/004IntegratedSystemDesign/Lab/lab1/ChanghongLi_lab1_183/ChanghongLi_lab1_183.srcs/sources_1/new/Counter.sv" Line 34
step
Stopped at time : 51007 ns : File "C:/000mygit/myeie/001CourseWare/004IntegratedSystemDesign/Lab/lab1/ChanghongLi_lab1_183/ChanghongLi_lab1_183.srcs/sim_1/new/Counter_tb.sv" Line 50
step
Stopped at time : 51007 ns : File "C:/000mygit/myeie/001CourseWare/004IntegratedSystemDesign/Lab/lab1/ChanghongLi_lab1_183/ChanghongLi_lab1_183.srcs/sim_1/new/Counter_tb.sv" Line 50
step
Stopped at time : 51008 ns : File "C:/000mygit/myeie/001CourseWare/004IntegratedSystemDesign/Lab/lab1/ChanghongLi_lab1_183/ChanghongLi_lab1_183.srcs/sim_1/new/Counter_tb.sv" Line 50
step
Stopped at time : 51008 ns : File "C:/000mygit/myeie/001CourseWare/004IntegratedSystemDesign/Lab/lab1/ChanghongLi_lab1_183/ChanghongLi_lab1_183.srcs/sim_1/new/Counter_tb.sv" Line 50
step
Stopped at time : 51008 ns : File "C:/000mygit/myeie/001CourseWare/004IntegratedSystemDesign/Lab/lab1/ChanghongLi_lab1_183/ChanghongLi_lab1_183.srcs/sources_1/new/Counter.sv" Line 35
step
Stopped at time : 51008 ns : File "C:/000mygit/myeie/001CourseWare/004IntegratedSystemDesign/Lab/lab1/ChanghongLi_lab1_183/ChanghongLi_lab1_183.srcs/sources_1/new/Counter.sv" Line 34
step
Stopped at time : 51009 ns : File "C:/000mygit/myeie/001CourseWare/004IntegratedSystemDesign/Lab/lab1/ChanghongLi_lab1_183/ChanghongLi_lab1_183.srcs/sim_1/new/Counter_tb.sv" Line 50
step
Stopped at time : 51009 ns : File "C:/000mygit/myeie/001CourseWare/004IntegratedSystemDesign/Lab/lab1/ChanghongLi_lab1_183/ChanghongLi_lab1_183.srcs/sim_1/new/Counter_tb.sv" Line 50
step
Stopped at time : 51010 ns : File "C:/000mygit/myeie/001CourseWare/004IntegratedSystemDesign/Lab/lab1/ChanghongLi_lab1_183/ChanghongLi_lab1_183.srcs/sim_1/new/Counter_tb.sv" Line 50
step
Stopped at time : 51010 ns : File "C:/000mygit/myeie/001CourseWare/004IntegratedSystemDesign/Lab/lab1/ChanghongLi_lab1_183/ChanghongLi_lab1_183.srcs/sim_1/new/Counter_tb.sv" Line 50
restart
INFO: [Simtcl 6-17] Simulation restarted
restart
INFO: [Simtcl 6-17] Simulation restarted
step
Stopped at time : 0 fs : File "C:/000mygit/myeie/001CourseWare/004IntegratedSystemDesign/Lab/lab1/ChanghongLi_lab1_183/ChanghongLi_lab1_183.srcs/sources_1/new/Counter.sv" Line 34
step
Stopped at time : 0 fs : File "C:/000mygit/myeie/001CourseWare/004IntegratedSystemDesign/Lab/lab1/ChanghongLi_lab1_183/ChanghongLi_lab1_183.srcs/sources_1/new/Counter.sv" Line 40
step
Stopped at time : 0 fs : File "C:/000mygit/myeie/001CourseWare/004IntegratedSystemDesign/Lab/lab1/ChanghongLi_lab1_183/ChanghongLi_lab1_183.srcs/sources_1/new/Counter.sv" Line 44
step
Stopped at time : 0 fs : File "C:/000mygit/myeie/001CourseWare/004IntegratedSystemDesign/Lab/lab1/ChanghongLi_lab1_183/ChanghongLi_lab1_183.srcs/sources_1/new/Counter.sv" Line 48
step
Stopped at time : 0 fs : File "C:/000mygit/myeie/001CourseWare/004IntegratedSystemDesign/Lab/lab1/ChanghongLi_lab1_183/ChanghongLi_lab1_183.sim/sim_1/behav/xsim/glbl.v" Line 52
step
Stopped at time : 0 fs : File "C:/000mygit/myeie/001CourseWare/004IntegratedSystemDesign/Lab/lab1/ChanghongLi_lab1_183/ChanghongLi_lab1_183.sim/sim_1/behav/xsim/glbl.v" Line 53
run all
Stopped at time : 0 fs : File "C:/000mygit/myeie/001CourseWare/004IntegratedSystemDesign/Lab/lab1/ChanghongLi_lab1_183/ChanghongLi_lab1_183.srcs/sources_1/new/Counter.sv" Line 34
add_bp {C:/000mygit/myeie/001CourseWare/004IntegratedSystemDesign/Lab/lab1/ChanghongLi_lab1_183/ChanghongLi_lab1_183.srcs/sources_1/new/Counter.sv} 40
run all
Stopped at time : 2 ns : File "C:/000mygit/myeie/001CourseWare/004IntegratedSystemDesign/Lab/lab1/ChanghongLi_lab1_183/ChanghongLi_lab1_183.srcs/sources_1/new/Counter.sv" Line 34
run all
Stopped at time : 4 ns : File "C:/000mygit/myeie/001CourseWare/004IntegratedSystemDesign/Lab/lab1/ChanghongLi_lab1_183/ChanghongLi_lab1_183.srcs/sources_1/new/Counter.sv" Line 34
remove_bps -file {C:/000mygit/myeie/001CourseWare/004IntegratedSystemDesign/Lab/lab1/ChanghongLi_lab1_183/ChanghongLi_lab1_183.srcs/sources_1/new/Counter.sv} -line 34
run all
Stopped at time : 10 ns : File "C:/000mygit/myeie/001CourseWare/004IntegratedSystemDesign/Lab/lab1/ChanghongLi_lab1_183/ChanghongLi_lab1_183.srcs/sources_1/new/Counter.sv" Line 40
step
Stopped at time : 11 ns : File "C:/000mygit/myeie/001CourseWare/004IntegratedSystemDesign/Lab/lab1/ChanghongLi_lab1_183/ChanghongLi_lab1_183.srcs/sim_1/new/Counter_tb.sv" Line 50
step
Stopped at time : 11 ns : File "C:/000mygit/myeie/001CourseWare/004IntegratedSystemDesign/Lab/lab1/ChanghongLi_lab1_183/ChanghongLi_lab1_183.srcs/sim_1/new/Counter_tb.sv" Line 50
run all
run: Time (s): cpu = 00:01:04 ; elapsed = 00:01:02 . Memory (MB): peak = 949.270 ; gain = 0.000
close_sim
INFO: [Simtcl 6-16] Simulation closed
launch_simulation
INFO: [Vivado 12-5682] Launching behavioral simulation in 'C:/000mygit/myeie/001CourseWare/004IntegratedSystemDesign/Lab/lab1/ChanghongLi_lab1_183/ChanghongLi_lab1_183.sim/sim_1/behav/xsim'
INFO: [SIM-utils-51] Simulation object is 'sim_1'
INFO: [SIM-utils-54] Inspecting design source files for 'Counter_tb' in fileset 'sim_1'...
INFO: [USF-XSim-97] Finding global include files...
INFO: [USF-XSim-98] Fetching design files from 'sim_1'...
INFO: [USF-XSim-2] XSim::Compile design
INFO: [USF-XSim-61] Executing 'COMPILE and ANALYZE' step in 'C:/000mygit/myeie/001CourseWare/004IntegratedSystemDesign/Lab/lab1/ChanghongLi_lab1_183/ChanghongLi_lab1_183.sim/sim_1/behav/xsim'
"xvlog --incr --relax -prj Counter_tb_vlog.prj"
INFO: [VRFC 10-2263] Analyzing SystemVerilog file "C:/000mygit/myeie/001CourseWare/004IntegratedSystemDesign/Lab/lab1/ChanghongLi_lab1_183/ChanghongLi_lab1_183.srcs/sources_1/new/Counter.sv" into library xil_defaultlib
INFO: [VRFC 10-311] analyzing module Counter
INFO: [VRFC 10-2263] Analyzing SystemVerilog file "C:/000mygit/myeie/001CourseWare/004IntegratedSystemDesign/Lab/lab1/ChanghongLi_lab1_183/ChanghongLi_lab1_183.srcs/sim_1/new/Counter_tb.sv" into library xil_defaultlib
INFO: [VRFC 10-311] analyzing module Counter_tb
INFO: [USF-XSim-69] 'compile' step finished in '2' seconds
INFO: [USF-XSim-3] XSim::Elaborate design
INFO: [USF-XSim-61] Executing 'ELABORATE' step in 'C:/000mygit/myeie/001CourseWare/004IntegratedSystemDesign/Lab/lab1/ChanghongLi_lab1_183/ChanghongLi_lab1_183.sim/sim_1/behav/xsim'
Vivado Simulator 2018.3
Copyright 1986-1999, 2001-2018 Xilinx, Inc. All Rights Reserved.
Running: C:/Xilinx/Vivado/2018.3/bin/unwrapped/win64.o/xelab.exe -wto 5820b1d2063e45e89b78c8c4893dcc3b --incr --debug typical --relax --mt 2 -L xil_defaultlib -L unisims_ver -L unimacro_ver -L secureip --snapshot Counter_tb_behav xil_defaultlib.Counter_tb xil_defaultlib.glbl -log elaborate.log 
Using 2 slave threads.
Starting static elaboration
ERROR: [VRFC 10-3823] variable 'q' might have multiple concurrent drivers [C:/000mygit/myeie/001CourseWare/004IntegratedSystemDesign/Lab/lab1/ChanghongLi_lab1_183/ChanghongLi_lab1_183.srcs/sim_1/new/Counter_tb.sv:39]
ERROR: [XSIM 43-3322] Static elaboration of top level Verilog design unit(s) in library work failed.
INFO: [USF-XSim-69] 'elaborate' step finished in '1' seconds
INFO: [USF-XSim-99] Step results log file:'C:/000mygit/myeie/001CourseWare/004IntegratedSystemDesign/Lab/lab1/ChanghongLi_lab1_183/ChanghongLi_lab1_183.sim/sim_1/behav/xsim/elaborate.log'
ERROR: [USF-XSim-62] 'elaborate' step failed with error(s). Please check the Tcl console output or 'C:/000mygit/myeie/001CourseWare/004IntegratedSystemDesign/Lab/lab1/ChanghongLi_lab1_183/ChanghongLi_lab1_183.sim/sim_1/behav/xsim/elaborate.log' file for more information.
ERROR: [Vivado 12-4473] Detected error while running simulation. Please correct the issue and retry this operation.
ERROR: [Common 17-39] 'launch_simulation' failed due to earlier errors.
launch_simulation
INFO: [Vivado 12-5682] Launching behavioral simulation in 'C:/000mygit/myeie/001CourseWare/004IntegratedSystemDesign/Lab/lab1/ChanghongLi_lab1_183/ChanghongLi_lab1_183.sim/sim_1/behav/xsim'
INFO: [SIM-utils-51] Simulation object is 'sim_1'
INFO: [SIM-utils-54] Inspecting design source files for 'Counter_tb' in fileset 'sim_1'...
INFO: [USF-XSim-97] Finding global include files...
INFO: [USF-XSim-98] Fetching design files from 'sim_1'...
INFO: [USF-XSim-2] XSim::Compile design
INFO: [USF-XSim-61] Executing 'COMPILE and ANALYZE' step in 'C:/000mygit/myeie/001CourseWare/004IntegratedSystemDesign/Lab/lab1/ChanghongLi_lab1_183/ChanghongLi_lab1_183.sim/sim_1/behav/xsim'
"xvlog --incr --relax -prj Counter_tb_vlog.prj"
INFO: [VRFC 10-2263] Analyzing SystemVerilog file "C:/000mygit/myeie/001CourseWare/004IntegratedSystemDesign/Lab/lab1/ChanghongLi_lab1_183/ChanghongLi_lab1_183.srcs/sources_1/new/Counter.sv" into library xil_defaultlib
INFO: [VRFC 10-311] analyzing module Counter
INFO: [VRFC 10-2263] Analyzing SystemVerilog file "C:/000mygit/myeie/001CourseWare/004IntegratedSystemDesign/Lab/lab1/ChanghongLi_lab1_183/ChanghongLi_lab1_183.srcs/sim_1/new/Counter_tb.sv" into library xil_defaultlib
INFO: [VRFC 10-311] analyzing module Counter_tb
INFO: [USF-XSim-69] 'compile' step finished in '1' seconds
INFO: [USF-XSim-3] XSim::Elaborate design
INFO: [USF-XSim-61] Executing 'ELABORATE' step in 'C:/000mygit/myeie/001CourseWare/004IntegratedSystemDesign/Lab/lab1/ChanghongLi_lab1_183/ChanghongLi_lab1_183.sim/sim_1/behav/xsim'
Vivado Simulator 2018.3
Copyright 1986-1999, 2001-2018 Xilinx, Inc. All Rights Reserved.
Running: C:/Xilinx/Vivado/2018.3/bin/unwrapped/win64.o/xelab.exe -wto 5820b1d2063e45e89b78c8c4893dcc3b --incr --debug typical --relax --mt 2 -L xil_defaultlib -L unisims_ver -L unimacro_ver -L secureip --snapshot Counter_tb_behav xil_defaultlib.Counter_tb xil_defaultlib.glbl -log elaborate.log 
Using 2 slave threads.
Starting static elaboration
Completed static elaboration
Starting simulation data flow analysis
Completed simulation data flow analysis
Time Resolution for simulation is 1ps
Compiling module xil_defaultlib.Counter
Compiling module xil_defaultlib.Counter_tb
Compiling module xil_defaultlib.glbl
Built simulation snapshot Counter_tb_behav
INFO: [USF-XSim-69] 'elaborate' step finished in '1' seconds
INFO: [USF-XSim-4] XSim::Simulate design
INFO: [USF-XSim-61] Executing 'SIMULATE' step in 'C:/000mygit/myeie/001CourseWare/004IntegratedSystemDesign/Lab/lab1/ChanghongLi_lab1_183/ChanghongLi_lab1_183.sim/sim_1/behav/xsim'
INFO: [USF-XSim-98] *** Running xsim
   with args "Counter_tb_behav -key {Behavioral:sim_1:Functional:Counter_tb} -tclbatch {Counter_tb.tcl} -log {simulate.log}"
INFO: [USF-XSim-8] Loading simulator feature
Vivado Simulator 2018.3
Time resolution is 1 ps
source Counter_tb.tcl
# set curr_wave [current_wave_config]
# if { [string length $curr_wave] == 0 } {
#   if { [llength [get_objects]] > 0} {
#     add_wave /
#     set_property needs_save false [current_wave_config]
#   } else {
#      send_msg_id Add_Wave-1 WARNING "No top level signals found. Simulator will start without a wave window. If you want to open a wave window go to 'File->New Waveform Configuration' or type 'create_wave_config' in the TCL console."
#   }
# }
# run 1000ns
Stopped at time : 0 fs : File "C:/000mygit/myeie/001CourseWare/004IntegratedSystemDesign/Lab/lab1/ChanghongLi_lab1_183/ChanghongLi_lab1_183.srcs/sources_1/new/Counter.sv" Line 40
INFO: [USF-XSim-96] XSim completed. Design snapshot 'Counter_tb_behav' loaded.
INFO: [USF-XSim-97] XSim simulation ran for 1000ns
remove_bps -file {C:/000mygit/myeie/001CourseWare/004IntegratedSystemDesign/Lab/lab1/ChanghongLi_lab1_183/ChanghongLi_lab1_183.srcs/sources_1/new/Counter.sv} -line 40
step
Stopped at time : 0 fs : File "C:/000mygit/myeie/001CourseWare/004IntegratedSystemDesign/Lab/lab1/ChanghongLi_lab1_183/ChanghongLi_lab1_183.srcs/sources_1/new/Counter.sv" Line 44
step
Stopped at time : 0 fs : File "C:/000mygit/myeie/001CourseWare/004IntegratedSystemDesign/Lab/lab1/ChanghongLi_lab1_183/ChanghongLi_lab1_183.srcs/sources_1/new/Counter.sv" Line 48
run 10 us
close_sim
INFO: [Simtcl 6-16] Simulation closed
launch_simulation
INFO: [Vivado 12-5682] Launching behavioral simulation in 'C:/000mygit/myeie/001CourseWare/004IntegratedSystemDesign/Lab/lab1/ChanghongLi_lab1_183/ChanghongLi_lab1_183.sim/sim_1/behav/xsim'
INFO: [SIM-utils-51] Simulation object is 'sim_1'
INFO: [SIM-utils-54] Inspecting design source files for 'Counter_tb' in fileset 'sim_1'...
INFO: [USF-XSim-97] Finding global include files...
INFO: [USF-XSim-98] Fetching design files from 'sim_1'...
INFO: [USF-XSim-2] XSim::Compile design
INFO: [USF-XSim-61] Executing 'COMPILE and ANALYZE' step in 'C:/000mygit/myeie/001CourseWare/004IntegratedSystemDesign/Lab/lab1/ChanghongLi_lab1_183/ChanghongLi_lab1_183.sim/sim_1/behav/xsim'
"xvlog --incr --relax -prj Counter_tb_vlog.prj"
INFO: [VRFC 10-2263] Analyzing SystemVerilog file "C:/000mygit/myeie/001CourseWare/004IntegratedSystemDesign/Lab/lab1/ChanghongLi_lab1_183/ChanghongLi_lab1_183.srcs/sources_1/new/Counter.sv" into library xil_defaultlib
INFO: [VRFC 10-311] analyzing module Counter
INFO: [VRFC 10-2263] Analyzing SystemVerilog file "C:/000mygit/myeie/001CourseWare/004IntegratedSystemDesign/Lab/lab1/ChanghongLi_lab1_183/ChanghongLi_lab1_183.srcs/sim_1/new/Counter_tb.sv" into library xil_defaultlib
INFO: [VRFC 10-311] analyzing module Counter_tb
INFO: [USF-XSim-69] 'compile' step finished in '1' seconds
INFO: [USF-XSim-3] XSim::Elaborate design
INFO: [USF-XSim-61] Executing 'ELABORATE' step in 'C:/000mygit/myeie/001CourseWare/004IntegratedSystemDesign/Lab/lab1/ChanghongLi_lab1_183/ChanghongLi_lab1_183.sim/sim_1/behav/xsim'
Vivado Simulator 2018.3
Copyright 1986-1999, 2001-2018 Xilinx, Inc. All Rights Reserved.
Running: C:/Xilinx/Vivado/2018.3/bin/unwrapped/win64.o/xelab.exe -wto 5820b1d2063e45e89b78c8c4893dcc3b --incr --debug typical --relax --mt 2 -L xil_defaultlib -L unisims_ver -L unimacro_ver -L secureip --snapshot Counter_tb_behav xil_defaultlib.Counter_tb xil_defaultlib.glbl -log elaborate.log 
Using 2 slave threads.
Starting static elaboration
Completed static elaboration
Starting simulation data flow analysis
Completed simulation data flow analysis
Time Resolution for simulation is 1ps
Compiling module xil_defaultlib.Counter
Compiling module xil_defaultlib.Counter_tb
Compiling module xil_defaultlib.glbl
Built simulation snapshot Counter_tb_behav
INFO: [USF-XSim-69] 'elaborate' step finished in '1' seconds
INFO: [USF-XSim-4] XSim::Simulate design
INFO: [USF-XSim-61] Executing 'SIMULATE' step in 'C:/000mygit/myeie/001CourseWare/004IntegratedSystemDesign/Lab/lab1/ChanghongLi_lab1_183/ChanghongLi_lab1_183.sim/sim_1/behav/xsim'
INFO: [USF-XSim-98] *** Running xsim
   with args "Counter_tb_behav -key {Behavioral:sim_1:Functional:Counter_tb} -tclbatch {Counter_tb.tcl} -log {simulate.log}"
INFO: [USF-XSim-8] Loading simulator feature
Vivado Simulator 2018.3
Time resolution is 1 ps
source Counter_tb.tcl
# set curr_wave [current_wave_config]
# if { [string length $curr_wave] == 0 } {
#   if { [llength [get_objects]] > 0} {
#     add_wave /
#     set_property needs_save false [current_wave_config]
#   } else {
#      send_msg_id Add_Wave-1 WARNING "No top level signals found. Simulator will start without a wave window. If you want to open a wave window go to 'File->New Waveform Configuration' or type 'create_wave_config' in the TCL console."
#   }
# }
# run 1000ns
INFO: [USF-XSim-96] XSim completed. Design snapshot 'Counter_tb_behav' loaded.
INFO: [USF-XSim-97] XSim simulation ran for 1000ns
set_property SOURCE_SET sources_1 [get_filesets sim_1]
close [ open C:/000mygit/myeie/001CourseWare/004IntegratedSystemDesign/Lab/lab1/ChanghongLi_lab1_183/ChanghongLi_lab1_183.srcs/sim_1/new/FSM_tb.sv w ]
add_files -fileset sim_1 C:/000mygit/myeie/001CourseWare/004IntegratedSystemDesign/Lab/lab1/ChanghongLi_lab1_183/ChanghongLi_lab1_183.srcs/sim_1/new/FSM_tb.sv
update_compile_order -fileset sim_1
set_property top FSM_tb [get_filesets sim_1]
set_property top_lib xil_defaultlib [get_filesets sim_1]
update_compile_order -fileset sim_1
update_compile_order -fileset sim_1
restart
INFO: [Simtcl 6-17] Simulation restarted
restart
INFO: [Simtcl 6-17] Simulation restarted
restart
INFO: [Simtcl 6-17] Simulation restarted
relaunch_sim
INFO: [Vivado 12-5682] Launching behavioral simulation in 'C:/000mygit/myeie/001CourseWare/004IntegratedSystemDesign/Lab/lab1/ChanghongLi_lab1_183/ChanghongLi_lab1_183.sim/sim_1/behav/xsim'
INFO: [SIM-utils-51] Simulation object is 'sim_1'
INFO: [SIM-utils-54] Inspecting design source files for 'FSM_tb' in fileset 'sim_1'...
INFO: [USF-XSim-97] Finding global include files...
INFO: [USF-XSim-98] Fetching design files from 'sim_1'...
INFO: [Vivado 12-5357] 'setup' step aborted
INFO: [Common 17-344] 'launch_simulation' was cancelled
INFO: [Common 17-344] 'relaunch_sim' was cancelled
update_compile_order -fileset sim_1
update_compile_order -fileset sim_1
close_sim
INFO: [Simtcl 6-16] Simulation closed
exit
INFO: [Common 17-206] Exiting Vivado at Fri Sep 29 15:45:11 2023...
