#-----------------------------------------------------------
# Vivado v2018.3 (64-bit)
# SW Build 2405991 on Thu Dec  6 23:38:27 MST 2018
# IP Build 2404404 on Fri Dec  7 01:43:56 MST 2018
# Start of session at: Tue Oct 10 20:39:49 2023
# Process ID: 20420
# Current directory: D:/000Mygit/myeie/001CourseWare/004IntegratedSystemDesign/Lab/lab2/002PRJ/ChanghongLi_lab2
# Command line: vivado.exe -gui_launcher_event rodinguilauncherevent20788 D:\000Mygit\myeie\001CourseWare\004IntegratedSystemDesign\Lab\lab2\002PRJ\ChanghongLi_lab2\ChanghongLi_lab2.xpr
# Log file: D:/000Mygit/myeie/001CourseWare/004IntegratedSystemDesign/Lab/lab2/002PRJ/ChanghongLi_lab2/vivado.log
# Journal file: D:/000Mygit/myeie/001CourseWare/004IntegratedSystemDesign/Lab/lab2/002PRJ/ChanghongLi_lab2\vivado.jou
#-----------------------------------------------------------
start_gui
open_project D:/000Mygit/myeie/001CourseWare/004IntegratedSystemDesign/Lab/lab2/002PRJ/ChanghongLi_lab2/ChanghongLi_lab2.xpr
INFO: [ProjectBase 1-489] The host OS only allows 260 characters in a normal path. The project is stored in a path with more than 80 characters. If you experience issues with IP, Block Designs, or files not being found, please consider moving the project to a location with a shorter path. Alternately consider using the OS subst command to map part of the path to a drive letter.
Current project path is 'D:/000Mygit/myeie/001CourseWare/004IntegratedSystemDesign/Lab/lab2/002PRJ/ChanghongLi_lab2'
INFO: [Project 1-313] Project file moved from 'D:/000Mygit/001CourseWare/004IntegratedSystemDesign/Lab/lab2/002PRJ/ChanghongLi_lab2' since last save.
Scanning sources...
Finished scanning sources
INFO: [IP_Flow 19-234] Refreshing IP repositories
INFO: [IP_Flow 19-1704] No user IP repositories specified
INFO: [IP_Flow 19-2313] Loaded Vivado IP repository 'D:/Xilinx/Vivado/2018.3/data/ip'.
open_project: Time (s): cpu = 00:00:14 ; elapsed = 00:00:07 . Memory (MB): peak = 816.625 ; gain = 186.504
update_compile_order -fileset sources_1
launch_simulation
INFO: [Vivado 12-5682] Launching behavioral simulation in 'D:/000Mygit/myeie/001CourseWare/004IntegratedSystemDesign/Lab/lab2/002PRJ/ChanghongLi_lab2/ChanghongLi_lab2.sim/sim_1/behav/xsim'
INFO: [SIM-utils-51] Simulation object is 'sim_1'
INFO: [SIM-utils-54] Inspecting design source files for 'lab2_top_tb' in fileset 'sim_1'...
INFO: [USF-XSim-97] Finding global include files...
INFO: [USF-XSim-98] Fetching design files from 'sim_1'...
INFO: [USF-XSim-2] XSim::Compile design
INFO: [USF-XSim-61] Executing 'COMPILE and ANALYZE' step in 'D:/000Mygit/myeie/001CourseWare/004IntegratedSystemDesign/Lab/lab2/002PRJ/ChanghongLi_lab2/ChanghongLi_lab2.sim/sim_1/behav/xsim'
"xvlog --incr --relax -prj lab2_top_tb_vlog.prj"
INFO: [VRFC 10-2263] Analyzing SystemVerilog file "D:/000Mygit/myeie/001CourseWare/004IntegratedSystemDesign/Lab/lab2/002PRJ/ChanghongLi_lab2/ChanghongLi_lab2.srcs/sources_1/new/Counter.sv" into library xil_defaultlib
INFO: [VRFC 10-311] analyzing module Counter
INFO: [VRFC 10-2263] Analyzing SystemVerilog file "D:/000Mygit/myeie/001CourseWare/004IntegratedSystemDesign/Lab/lab2/002PRJ/ChanghongLi_lab2/ChanghongLi_lab2.srcs/sources_1/new/FSM.sv" into library xil_defaultlib
INFO: [VRFC 10-311] analyzing module FSM
INFO: [VRFC 10-2263] Analyzing SystemVerilog file "D:/000Mygit/myeie/001CourseWare/004IntegratedSystemDesign/Lab/lab2/002PRJ/ChanghongLi_lab2/ChanghongLi_lab2.srcs/sources_1/imports/001req/debouncer.sv" into library xil_defaultlib
INFO: [VRFC 10-311] analyzing module debouncer
INFO: [VRFC 10-2263] Analyzing SystemVerilog file "D:/000Mygit/myeie/001CourseWare/004IntegratedSystemDesign/Lab/lab2/002PRJ/ChanghongLi_lab2/ChanghongLi_lab2.srcs/sources_1/new/lab1_top.sv" into library xil_defaultlib
INFO: [VRFC 10-311] analyzing module lab1_top
INFO: [VRFC 10-2263] Analyzing SystemVerilog file "D:/000Mygit/myeie/001CourseWare/004IntegratedSystemDesign/Lab/lab2/002PRJ/ChanghongLi_lab2/ChanghongLi_lab2.srcs/sources_1/new/scoreboard.sv" into library xil_defaultlib
INFO: [VRFC 10-311] analyzing module scoreboard
INFO: [VRFC 10-2263] Analyzing SystemVerilog file "D:/000Mygit/myeie/001CourseWare/004IntegratedSystemDesign/Lab/lab2/002PRJ/ChanghongLi_lab2/ChanghongLi_lab2.srcs/sources_1/new/stim_gen.sv" into library xil_defaultlib
INFO: [VRFC 10-311] analyzing module stim_gen
INFO: [VRFC 10-2263] Analyzing SystemVerilog file "D:/000Mygit/myeie/001CourseWare/004IntegratedSystemDesign/Lab/lab2/002PRJ/ChanghongLi_lab2/ChanghongLi_lab2.srcs/sim_1/new/lab2_top_tb.sv" into library xil_defaultlib
INFO: [VRFC 10-311] analyzing module lab2_top_tb
INFO: [VRFC 10-2263] Analyzing Verilog file "D:/000Mygit/myeie/001CourseWare/004IntegratedSystemDesign/Lab/lab2/002PRJ/ChanghongLi_lab2/ChanghongLi_lab2.sim/sim_1/behav/xsim/glbl.v" into library xil_defaultlib
INFO: [VRFC 10-311] analyzing module glbl
INFO: [USF-XSim-69] 'compile' step finished in '1' seconds
INFO: [USF-XSim-3] XSim::Elaborate design
INFO: [USF-XSim-61] Executing 'ELABORATE' step in 'D:/000Mygit/myeie/001CourseWare/004IntegratedSystemDesign/Lab/lab2/002PRJ/ChanghongLi_lab2/ChanghongLi_lab2.sim/sim_1/behav/xsim'
Vivado Simulator 2018.3
Copyright 1986-1999, 2001-2018 Xilinx, Inc. All Rights Reserved.
Running: D:/Xilinx/Vivado/2018.3/bin/unwrapped/win64.o/xelab.exe -wto fc5d0c7a96a44841b0f93b3ff8ae4044 --incr --debug typical --relax --mt 2 -L xil_defaultlib -L unisims_ver -L unimacro_ver -L secureip --snapshot lab2_top_tb_behav xil_defaultlib.lab2_top_tb xil_defaultlib.glbl -log elaborate.log 
Using 2 slave threads.
Starting static elaboration
Completed static elaboration
Starting simulation data flow analysis
Completed simulation data flow analysis
Time Resolution for simulation is 1ps
Compiling module xil_defaultlib.stim_gen
Compiling module xil_defaultlib.scoreboard
Compiling module xil_defaultlib.debouncer
Compiling module xil_defaultlib.FSM
Compiling module xil_defaultlib.Counter
Compiling module xil_defaultlib.lab1_top
Compiling module xil_defaultlib.lab2_top_tb
WARNING: [XSIM 43-3373] "D:/000Mygit/myeie/001CourseWare/004IntegratedSystemDesign/Lab/lab2/002PRJ/ChanghongLi_lab2/ChanghongLi_lab2.srcs/sim_1/new/lab2_top_tb.sv" Line 90. System function $fseek is used as system task. This system function should have a LHS e.g. x=$fseek().
Compiling module xil_defaultlib.glbl
Built simulation snapshot lab2_top_tb_behav

****** Webtalk v2018.3 (64-bit)
  **** SW Build 2405991 on Thu Dec  6 23:38:27 MST 2018
  **** IP Build 2404404 on Fri Dec  7 01:43:56 MST 2018
    ** Copyright 1986-2018 Xilinx, Inc. All Rights Reserved.

source D:/000Mygit/myeie/001CourseWare/004IntegratedSystemDesign/Lab/lab2/002PRJ/ChanghongLi_lab2/ChanghongLi_lab2.sim/sim_1/behav/xsim/xsim.dir/lab2_top_tb_behav/webtalk/xsim_webtalk.tcl -notrace
INFO: [Common 17-206] Exiting Webtalk at Tue Oct 10 20:40:18 2023...
INFO: [USF-XSim-69] 'elaborate' step finished in '5' seconds
INFO: [USF-XSim-4] XSim::Simulate design
INFO: [USF-XSim-61] Executing 'SIMULATE' step in 'D:/000Mygit/myeie/001CourseWare/004IntegratedSystemDesign/Lab/lab2/002PRJ/ChanghongLi_lab2/ChanghongLi_lab2.sim/sim_1/behav/xsim'
INFO: [USF-XSim-98] *** Running xsim
   with args "lab2_top_tb_behav -key {Behavioral:sim_1:Functional:lab2_top_tb} -tclbatch {lab2_top_tb.tcl} -view {D:/000Mygit/myeie/001CourseWare/004IntegratedSystemDesign/Lab/lab2/002PRJ/ChanghongLi_lab2/lab2_top_tb_behav1.wcfg} -log {simulate.log}"
INFO: [USF-XSim-8] Loading simulator feature
Vivado Simulator 2018.3
Time resolution is 1 ps
open_wave_config D:/000Mygit/myeie/001CourseWare/004IntegratedSystemDesign/Lab/lab2/002PRJ/ChanghongLi_lab2/lab2_top_tb_behav1.wcfg
source lab2_top_tb.tcl
# set curr_wave [current_wave_config]
# if { [string length $curr_wave] == 0 } {
#   if { [llength [get_objects]] > 0} {
#     add_wave /
#     set_property needs_save false [current_wave_config]
#   } else {
#      send_msg_id Add_Wave-1 WARNING "No top level signals found. Simulator will start without a wave window. If you want to open a wave window go to 'File->New Waveform Configuration' or type 'create_wave_config' in the TCL console."
#   }
# }
# run 1000ns
this is a display test
INFO: [USF-XSim-96] XSim completed. Design snapshot 'lab2_top_tb_behav' loaded.
INFO: [USF-XSim-97] XSim simulation ran for 1000ns
launch_simulation: Time (s): cpu = 00:00:08 ; elapsed = 00:00:10 . Memory (MB): peak = 895.875 ; gain = 14.762
run all
*******The Test begin*******
inc_exp   dec_exp   hold_exp  inc       dec       hold      pass
begin the forward test
begin the enter test
1              0              0              1           0           0           1
1              0              0              1           0           0           1
1              0              0              1           0           0           1
1              0              0              1           0           0           1
1              0              0              1           0           0           1
1              0              0              1           0           0           1
begin the exit test
0              1              0              0           1           0           1
0              1              0              0           1           0           1
0              1              0              0           1           0           1
0              1              0              0           1           0           1
0              1              0              0           1           0           1
0              1              0              0           1           0           1
begin the backward test
begin the reach_low test
0              0              1              0           0           1           1
begin the reach_max test
0              0              1              0           0           1           1
begin the exit_fail test
0              0              1              0           0           1           1
begin the enter_fail test
0              0              1              0           0           1           1
*******The Test is done*******
run: Time (s): cpu = 00:00:48 ; elapsed = 00:01:01 . Memory (MB): peak = 895.875 ; gain = 0.000
close_sim
INFO: [Simtcl 6-16] Simulation closed
close_sim: Time (s): cpu = 00:00:03 ; elapsed = 00:00:06 . Memory (MB): peak = 895.875 ; gain = 0.000
exit
INFO: [Common 17-206] Exiting Vivado at Tue Oct 10 20:43:56 2023...
