#-----------------------------------------------------------
# Vivado v2018.3 (64-bit)
# SW Build 2405991 on Thu Dec  6 23:38:27 MST 2018
# IP Build 2404404 on Fri Dec  7 01:43:56 MST 2018
# Start of session at: Sat Oct  7 23:20:22 2023
# Process ID: 28404
# Current directory: D:/000Mygit/001CourseWare/004IntegratedSystemDesign/Lab/lab0/ChanghongLi_lab0_183
# Command line: vivado.exe -gui_launcher_event rodinguilauncherevent23440 D:\000Mygit\001CourseWare\004IntegratedSystemDesign\Lab\lab0\ChanghongLi_lab0_183\ChanghongLi_lab0_183.xpr
# Log file: D:/000Mygit/001CourseWare/004IntegratedSystemDesign/Lab/lab0/ChanghongLi_lab0_183/vivado.log
# Journal file: D:/000Mygit/001CourseWare/004IntegratedSystemDesign/Lab/lab0/ChanghongLi_lab0_183\vivado.jou
#-----------------------------------------------------------
start_gui
open_project D:/000Mygit/001CourseWare/004IntegratedSystemDesign/Lab/lab0/ChanghongLi_lab0_183/ChanghongLi_lab0_183.xpr
INFO: [ProjectBase 1-489] The host OS only allows 260 characters in a normal path. The project is stored in a path with more than 80 characters. If you experience issues with IP, Block Designs, or files not being found, please consider moving the project to a location with a shorter path. Alternately consider using the OS subst command to map part of the path to a drive letter.
Current project path is 'D:/000Mygit/001CourseWare/004IntegratedSystemDesign/Lab/lab0/ChanghongLi_lab0_183'
INFO: [Project 1-313] Project file moved from 'C:/000mygit/myeie/001CourseWare/004IntegratedSystemDesign/Lab/lab0/ChanghongLi_lab0_183' since last save.
Scanning sources...
Finished scanning sources
WARNING: [filemgmt 56-2] IPUserFilesDir: Could not find the directory 'D:/000Mygit/001CourseWare/004IntegratedSystemDesign/Lab/lab0/ChanghongLi_lab0_183/ChanghongLi_lab0_183.ip_user_files', nor could it be found using path 'C:/000mygit/myeie/001CourseWare/004IntegratedSystemDesign/Lab/lab0/ChanghongLi_lab0_183/ChanghongLi_lab0_183.ip_user_files'.
INFO: [IP_Flow 19-234] Refreshing IP repositories
INFO: [IP_Flow 19-1704] No user IP repositories specified
INFO: [IP_Flow 19-2313] Loaded Vivado IP repository 'D:/Xilinx/Vivado/2018.3/data/ip'.
open_project: Time (s): cpu = 00:00:22 ; elapsed = 00:00:10 . Memory (MB): peak = 775.660 ; gain = 155.887
update_compile_order -fileset sources_1
exit
INFO: [Common 17-206] Exiting Vivado at Sat Oct  7 23:31:51 2023...
