
*** Running vivado
    with args -log lab1_top.vds -m64 -product Vivado -mode batch -messageDb vivado.pb -notrace -source lab1_top.tcl


****** Vivado v2018.2 (64-bit)
  **** SW Build 2258646 on Thu Jun 14 20:03:12 MDT 2018
  **** IP Build 2256618 on Thu Jun 14 22:10:49 MDT 2018
    ** Copyright 1986-2018 Xilinx, Inc. All Rights Reserved.

source lab1_top.tcl -notrace
Command: synth_design -top lab1_top -part xc7z020clg400-1
Starting synth_design
Attempting to get a license for feature 'Synthesis' and/or device 'xc7z020'
INFO: [Common 17-349] Got license for feature 'Synthesis' and/or device 'xc7z020'
INFO: Launching helper process for spawning children vivado processes
INFO: Helper process launched with PID 17184 
---------------------------------------------------------------------------------
Starting RTL Elaboration : Time (s): cpu = 00:00:02 ; elapsed = 00:00:02 . Memory (MB): peak = 409.555 ; gain = 95.965
---------------------------------------------------------------------------------
INFO: [Synth 8-6157] synthesizing module 'lab1_top' [D:/000Mygit/001CourseWare/004IntegratedSystemDesign/Lab/lab1/ChanghongLi_lab1_182/ChanghongLi_lab1_182.srcs/sources_1/new/lab1_top.sv:23]
INFO: [Synth 8-6157] synthesizing module 'debouncer' [D:/000Mygit/001CourseWare/004IntegratedSystemDesign/Lab/lab1/ChanghongLi_lab1_182/ChanghongLi_lab1_182.srcs/sources_1/imports/001req/debouncer.sv:23]
	Parameter threshold bound to: 100000 - type: integer 
INFO: [Synth 8-6155] done synthesizing module 'debouncer' (1#1) [D:/000Mygit/001CourseWare/004IntegratedSystemDesign/Lab/lab1/ChanghongLi_lab1_182/ChanghongLi_lab1_182.srcs/sources_1/imports/001req/debouncer.sv:23]
INFO: [Synth 8-6157] synthesizing module 'FSM' [D:/000Mygit/001CourseWare/004IntegratedSystemDesign/Lab/lab1/ChanghongLi_lab1_182/ChanghongLi_lab1_182.srcs/sources_1/new/FSM.sv:45]
	Parameter s0 bound to: 2'b00 
	Parameter s1 bound to: 2'b01 
	Parameter s2 bound to: 2'b10 
	Parameter s3 bound to: 2'b11 
	Parameter s_waiting bound to: 3'b000 
	Parameter s_entering bound to: 3'b001 
	Parameter s_entered bound to: 3'b010 
	Parameter s_exiting bound to: 3'b011 
	Parameter s_exited bound to: 3'b100 
INFO: [Synth 8-226] default block is never used [D:/000Mygit/001CourseWare/004IntegratedSystemDesign/Lab/lab1/ChanghongLi_lab1_182/ChanghongLi_lab1_182.srcs/sources_1/new/FSM.sv:83]
INFO: [Synth 8-226] default block is never used [D:/000Mygit/001CourseWare/004IntegratedSystemDesign/Lab/lab1/ChanghongLi_lab1_182/ChanghongLi_lab1_182.srcs/sources_1/new/FSM.sv:91]
INFO: [Synth 8-226] default block is never used [D:/000Mygit/001CourseWare/004IntegratedSystemDesign/Lab/lab1/ChanghongLi_lab1_182/ChanghongLi_lab1_182.srcs/sources_1/new/FSM.sv:99]
INFO: [Synth 8-226] default block is never used [D:/000Mygit/001CourseWare/004IntegratedSystemDesign/Lab/lab1/ChanghongLi_lab1_182/ChanghongLi_lab1_182.srcs/sources_1/new/FSM.sv:107]
INFO: [Synth 8-226] default block is never used [D:/000Mygit/001CourseWare/004IntegratedSystemDesign/Lab/lab1/ChanghongLi_lab1_182/ChanghongLi_lab1_182.srcs/sources_1/new/FSM.sv:115]
WARNING: [Synth 8-6014] Unused sequential element state_next_reg was removed.  [D:/000Mygit/001CourseWare/004IntegratedSystemDesign/Lab/lab1/ChanghongLi_lab1_182/ChanghongLi_lab1_182.srcs/sources_1/new/FSM.sv:84]
INFO: [Synth 8-6155] done synthesizing module 'FSM' (2#1) [D:/000Mygit/001CourseWare/004IntegratedSystemDesign/Lab/lab1/ChanghongLi_lab1_182/ChanghongLi_lab1_182.srcs/sources_1/new/FSM.sv:45]
INFO: [Synth 8-6157] synthesizing module 'Counter' [D:/000Mygit/001CourseWare/004IntegratedSystemDesign/Lab/lab1/ChanghongLi_lab1_182/ChanghongLi_lab1_182.srcs/sources_1/new/Counter.sv:23]
	Parameter N bound to: 4 - type: integer 
INFO: [Synth 8-6155] done synthesizing module 'Counter' (3#1) [D:/000Mygit/001CourseWare/004IntegratedSystemDesign/Lab/lab1/ChanghongLi_lab1_182/ChanghongLi_lab1_182.srcs/sources_1/new/Counter.sv:23]
INFO: [Synth 8-6155] done synthesizing module 'lab1_top' (4#1) [D:/000Mygit/001CourseWare/004IntegratedSystemDesign/Lab/lab1/ChanghongLi_lab1_182/ChanghongLi_lab1_182.srcs/sources_1/new/lab1_top.sv:23]
WARNING: [Synth 8-3331] design lab1_top has unconnected port btn[2]
---------------------------------------------------------------------------------
Finished RTL Elaboration : Time (s): cpu = 00:00:03 ; elapsed = 00:00:03 . Memory (MB): peak = 464.383 ; gain = 150.793
---------------------------------------------------------------------------------

Report Check Netlist: 
+------+------------------+-------+---------+-------+------------------+
|      |Item              |Errors |Warnings |Status |Description       |
+------+------------------+-------+---------+-------+------------------+
|1     |multi_driven_nets |      0|        0|Passed |Multi driven nets |
+------+------------------+-------+---------+-------+------------------+
---------------------------------------------------------------------------------
Start Handling Custom Attributes
---------------------------------------------------------------------------------
---------------------------------------------------------------------------------
Finished Handling Custom Attributes : Time (s): cpu = 00:00:03 ; elapsed = 00:00:03 . Memory (MB): peak = 464.383 ; gain = 150.793
---------------------------------------------------------------------------------
---------------------------------------------------------------------------------
Finished RTL Optimization Phase 1 : Time (s): cpu = 00:00:03 ; elapsed = 00:00:03 . Memory (MB): peak = 464.383 ; gain = 150.793
---------------------------------------------------------------------------------
INFO: [Device 21-403] Loading part xc7z020clg400-1
INFO: [Project 1-570] Preparing netlist for logic optimization

Processing XDC Constraints
Initializing timing engine
Parsing XDC File [D:/000Mygit/001CourseWare/004IntegratedSystemDesign/Lab/lab1/ChanghongLi_lab1_182/ChanghongLi_lab1_182.srcs/constrs_1/imports/002res/PYNQ-Z2 v1.0.xdc]
Finished Parsing XDC File [D:/000Mygit/001CourseWare/004IntegratedSystemDesign/Lab/lab1/ChanghongLi_lab1_182/ChanghongLi_lab1_182.srcs/constrs_1/imports/002res/PYNQ-Z2 v1.0.xdc]
INFO: [Project 1-236] Implementation specific constraints were found while reading constraint file [D:/000Mygit/001CourseWare/004IntegratedSystemDesign/Lab/lab1/ChanghongLi_lab1_182/ChanghongLi_lab1_182.srcs/constrs_1/imports/002res/PYNQ-Z2 v1.0.xdc]. These constraints will be ignored for synthesis but will be used in implementation. Impacted constraints are listed in the file [.Xil/lab1_top_propImpl.xdc].
Resolution: To avoid this warning, move constraints listed in [.Xil/lab1_top_propImpl.xdc] to another XDC file and exclude this new file from synthesis with the used_in_synthesis property (File Properties dialog in GUI) and re-run elaboration/synthesis.
Completed Processing XDC Constraints

INFO: [Project 1-111] Unisim Transformation Summary:
No Unisim elements were transformed.

Constraint Validation Runtime : Time (s): cpu = 00:00:00 ; elapsed = 00:00:00.001 . Memory (MB): peak = 810.312 ; gain = 0.000
---------------------------------------------------------------------------------
Finished Constraint Validation : Time (s): cpu = 00:00:11 ; elapsed = 00:00:12 . Memory (MB): peak = 810.312 ; gain = 496.723
---------------------------------------------------------------------------------
---------------------------------------------------------------------------------
Start Loading Part and Timing Information
---------------------------------------------------------------------------------
Loading part: xc7z020clg400-1
---------------------------------------------------------------------------------
Finished Loading Part and Timing Information : Time (s): cpu = 00:00:11 ; elapsed = 00:00:12 . Memory (MB): peak = 810.312 ; gain = 496.723
---------------------------------------------------------------------------------
---------------------------------------------------------------------------------
Start Applying 'set_property' XDC Constraints
---------------------------------------------------------------------------------
---------------------------------------------------------------------------------
Finished applying 'set_property' XDC Constraints : Time (s): cpu = 00:00:11 ; elapsed = 00:00:12 . Memory (MB): peak = 810.312 ; gain = 496.723
---------------------------------------------------------------------------------
INFO: [Synth 8-5818] HDL ADVISOR - The operator resource <adder> is shared. To prevent sharing consider applying a KEEP on the output of the operator [D:/000Mygit/001CourseWare/004IntegratedSystemDesign/Lab/lab1/ChanghongLi_lab1_182/ChanghongLi_lab1_182.srcs/sources_1/imports/001req/debouncer.sv:49]
INFO: [Synth 8-5818] HDL ADVISOR - The operator resource <adder> is shared. To prevent sharing consider applying a KEEP on the output of the operator [D:/000Mygit/001CourseWare/004IntegratedSystemDesign/Lab/lab1/ChanghongLi_lab1_182/ChanghongLi_lab1_182.srcs/sources_1/new/Counter.sv:42]
---------------------------------------------------------------------------------
Finished RTL Optimization Phase 2 : Time (s): cpu = 00:00:11 ; elapsed = 00:00:12 . Memory (MB): peak = 810.312 ; gain = 496.723
---------------------------------------------------------------------------------

Report RTL Partitions: 
+-+--------------+------------+----------+
| |RTL Partition |Replication |Instances |
+-+--------------+------------+----------+
+-+--------------+------------+----------+
---------------------------------------------------------------------------------
Start RTL Component Statistics 
---------------------------------------------------------------------------------
Detailed RTL Component Info : 
+---Adders : 
	   2 Input      4 Bit       Adders := 1     
+---Registers : 
	                4 Bit    Registers := 1     
	                3 Bit    Registers := 1     
	                1 Bit    Registers := 10    
+---Muxes : 
	   6 Input      3 Bit        Muxes := 1     
	   4 Input      3 Bit        Muxes := 1     
	   4 Input      2 Bit        Muxes := 2     
	   2 Input      2 Bit        Muxes := 1     
	   2 Input      1 Bit        Muxes := 3     
---------------------------------------------------------------------------------
Finished RTL Component Statistics 
---------------------------------------------------------------------------------
---------------------------------------------------------------------------------
Start RTL Hierarchical Component Statistics 
---------------------------------------------------------------------------------
Hierarchical RTL Component report 
Module debouncer 
Detailed RTL Component Info : 
+---Registers : 
	                1 Bit    Registers := 3     
+---Muxes : 
	   2 Input      1 Bit        Muxes := 1     
Module FSM 
Detailed RTL Component Info : 
+---Registers : 
	                3 Bit    Registers := 1     
	                1 Bit    Registers := 2     
+---Muxes : 
	   6 Input      3 Bit        Muxes := 1     
	   4 Input      3 Bit        Muxes := 1     
	   4 Input      2 Bit        Muxes := 2     
Module Counter 
Detailed RTL Component Info : 
+---Adders : 
	   2 Input      4 Bit       Adders := 1     
+---Registers : 
	                4 Bit    Registers := 1     
	                1 Bit    Registers := 2     
+---Muxes : 
	   2 Input      2 Bit        Muxes := 1     
	   2 Input      1 Bit        Muxes := 1     
---------------------------------------------------------------------------------
Finished RTL Hierarchical Component Statistics
---------------------------------------------------------------------------------
---------------------------------------------------------------------------------
Start Part Resource Summary
---------------------------------------------------------------------------------
Part Resources:
DSPs: 220 (col length:60)
BRAMs: 280 (col length: RAMB18 60 RAMB36 30)
---------------------------------------------------------------------------------
Finished Part Resource Summary
---------------------------------------------------------------------------------
---------------------------------------------------------------------------------
Start Cross Boundary and Area Optimization
---------------------------------------------------------------------------------
Warning: Parallel synthesis criteria is not met 
WARNING: [Synth 8-3331] design lab1_top has unconnected port btn[2]
---------------------------------------------------------------------------------
Finished Cross Boundary and Area Optimization : Time (s): cpu = 00:00:11 ; elapsed = 00:00:13 . Memory (MB): peak = 810.312 ; gain = 496.723
---------------------------------------------------------------------------------

Report RTL Partitions: 
+-+--------------+------------+----------+
| |RTL Partition |Replication |Instances |
+-+--------------+------------+----------+
+-+--------------+------------+----------+
---------------------------------------------------------------------------------
Start Applying XDC Timing Constraints
---------------------------------------------------------------------------------
---------------------------------------------------------------------------------
Finished Applying XDC Timing Constraints : Time (s): cpu = 00:00:19 ; elapsed = 00:00:21 . Memory (MB): peak = 820.938 ; gain = 507.348
---------------------------------------------------------------------------------
---------------------------------------------------------------------------------
Start Timing Optimization
---------------------------------------------------------------------------------
---------------------------------------------------------------------------------
Finished Timing Optimization : Time (s): cpu = 00:00:19 ; elapsed = 00:00:21 . Memory (MB): peak = 841.613 ; gain = 528.023
---------------------------------------------------------------------------------

Report RTL Partitions: 
+-+--------------+------------+----------+
| |RTL Partition |Replication |Instances |
+-+--------------+------------+----------+
+-+--------------+------------+----------+
---------------------------------------------------------------------------------
Start Technology Mapping
---------------------------------------------------------------------------------
---------------------------------------------------------------------------------
Finished Technology Mapping : Time (s): cpu = 00:00:19 ; elapsed = 00:00:22 . Memory (MB): peak = 842.828 ; gain = 529.238
---------------------------------------------------------------------------------

Report RTL Partitions: 
+-+--------------+------------+----------+
| |RTL Partition |Replication |Instances |
+-+--------------+------------+----------+
+-+--------------+------------+----------+
---------------------------------------------------------------------------------
Start IO Insertion
---------------------------------------------------------------------------------
---------------------------------------------------------------------------------
Start Flattening Before IO Insertion
---------------------------------------------------------------------------------
---------------------------------------------------------------------------------
Finished Flattening Before IO Insertion
---------------------------------------------------------------------------------
---------------------------------------------------------------------------------
Start Final Netlist Cleanup
---------------------------------------------------------------------------------
---------------------------------------------------------------------------------
Finished Final Netlist Cleanup
---------------------------------------------------------------------------------
---------------------------------------------------------------------------------
Finished IO Insertion : Time (s): cpu = 00:00:20 ; elapsed = 00:00:23 . Memory (MB): peak = 842.828 ; gain = 529.238
---------------------------------------------------------------------------------

Report Check Netlist: 
+------+------------------+-------+---------+-------+------------------+
|      |Item              |Errors |Warnings |Status |Description       |
+------+------------------+-------+---------+-------+------------------+
|1     |multi_driven_nets |      0|        0|Passed |Multi driven nets |
+------+------------------+-------+---------+-------+------------------+
---------------------------------------------------------------------------------
Start Renaming Generated Instances
---------------------------------------------------------------------------------
---------------------------------------------------------------------------------
Finished Renaming Generated Instances : Time (s): cpu = 00:00:20 ; elapsed = 00:00:23 . Memory (MB): peak = 842.828 ; gain = 529.238
---------------------------------------------------------------------------------

Report RTL Partitions: 
+-+--------------+------------+----------+
| |RTL Partition |Replication |Instances |
+-+--------------+------------+----------+
+-+--------------+------------+----------+
---------------------------------------------------------------------------------
Start Rebuilding User Hierarchy
---------------------------------------------------------------------------------
---------------------------------------------------------------------------------
Finished Rebuilding User Hierarchy : Time (s): cpu = 00:00:20 ; elapsed = 00:00:23 . Memory (MB): peak = 842.828 ; gain = 529.238
---------------------------------------------------------------------------------
---------------------------------------------------------------------------------
Start Renaming Generated Ports
---------------------------------------------------------------------------------
---------------------------------------------------------------------------------
Finished Renaming Generated Ports : Time (s): cpu = 00:00:20 ; elapsed = 00:00:23 . Memory (MB): peak = 842.828 ; gain = 529.238
---------------------------------------------------------------------------------
---------------------------------------------------------------------------------
Start Handling Custom Attributes
---------------------------------------------------------------------------------
---------------------------------------------------------------------------------
Finished Handling Custom Attributes : Time (s): cpu = 00:00:20 ; elapsed = 00:00:23 . Memory (MB): peak = 842.828 ; gain = 529.238
---------------------------------------------------------------------------------
---------------------------------------------------------------------------------
Start Renaming Generated Nets
---------------------------------------------------------------------------------
---------------------------------------------------------------------------------
Finished Renaming Generated Nets : Time (s): cpu = 00:00:20 ; elapsed = 00:00:23 . Memory (MB): peak = 842.828 ; gain = 529.238
---------------------------------------------------------------------------------
---------------------------------------------------------------------------------
Start Writing Synthesis Report
---------------------------------------------------------------------------------

Report BlackBoxes: 
+-+--------------+----------+
| |BlackBox name |Instances |
+-+--------------+----------+
+-+--------------+----------+

Report Cell Usage: 
+------+-------+------+
|      |Cell   |Count |
+------+-------+------+
|1     |BUFG   |     1|
|2     |CARRY4 |    12|
|3     |LUT1   |    42|
|4     |LUT2   |    43|
|5     |LUT3   |     2|
|6     |LUT4   |     8|
|7     |LUT5   |    12|
|8     |LUT6   |    16|
|9     |FDCE   |    13|
|10    |FDRE   |    46|
|11    |IBUF   |     4|
|12    |OBUF   |     4|
+------+-------+------+

Report Instance Areas: 
+------+--------------+------------+------+
|      |Instance      |Module      |Cells |
+------+--------------+------------+------+
|1     |top           |            |   203|
|2     |  mcounter    |Counter     |    13|
|3     |  mdebouncer1 |debouncer   |    85|
|4     |  mdebouncer2 |debouncer_0 |    85|
|5     |  mfsm        |FSM         |    11|
+------+--------------+------------+------+
---------------------------------------------------------------------------------
Finished Writing Synthesis Report : Time (s): cpu = 00:00:20 ; elapsed = 00:00:23 . Memory (MB): peak = 842.828 ; gain = 529.238
---------------------------------------------------------------------------------
Synthesis finished with 0 errors, 0 critical warnings and 1 warnings.
Synthesis Optimization Runtime : Time (s): cpu = 00:00:11 ; elapsed = 00:00:15 . Memory (MB): peak = 842.828 ; gain = 183.309
Synthesis Optimization Complete : Time (s): cpu = 00:00:20 ; elapsed = 00:00:23 . Memory (MB): peak = 842.828 ; gain = 529.238
INFO: [Project 1-571] Translating synthesized netlist
INFO: [Netlist 29-17] Analyzing 16 Unisim elements for replacement
INFO: [Netlist 29-28] Unisim Transformation completed in 0 CPU seconds
INFO: [Project 1-570] Preparing netlist for logic optimization
INFO: [Opt 31-138] Pushed 0 inverter(s) to 0 load pin(s).
INFO: [Project 1-111] Unisim Transformation Summary:
No Unisim elements were transformed.

INFO: [Common 17-83] Releasing license: Synthesis
27 Infos, 3 Warnings, 0 Critical Warnings and 0 Errors encountered.
synth_design completed successfully
synth_design: Time (s): cpu = 00:00:22 ; elapsed = 00:00:25 . Memory (MB): peak = 842.828 ; gain = 542.297
WARNING: [Constraints 18-5210] No constraint will be written out.
INFO: [Common 17-1381] The checkpoint 'D:/000Mygit/001CourseWare/004IntegratedSystemDesign/Lab/lab1/ChanghongLi_lab1_182/ChanghongLi_lab1_182.runs/synth_1/lab1_top.dcp' has been generated.
INFO: [runtcl-4] Executing : report_utilization -file lab1_top_utilization_synth.rpt -pb lab1_top_utilization_synth.pb
report_utilization: Time (s): cpu = 00:00:00 ; elapsed = 00:00:00.032 . Memory (MB): peak = 842.828 ; gain = 0.000
INFO: [Common 17-206] Exiting Vivado at Mon Oct  2 00:43:29 2023...
