<<<<<<< HEAD
INFO: [VRFC 10-2263] Analyzing SystemVerilog file "C:/Users/lic9/Desktop/000mygit/myeie/001CourseWare/004IntegratedSystemDesign/Lab/lab2/002PRJ/ChanghongLi_lab2/ChanghongLi_lab2.srcs/sources_1/new/div8.sv" into library xil_defaultlib
INFO: [VRFC 10-311] analyzing module div8
=======
INFO: [VRFC 10-2263] Analyzing SystemVerilog file "D:/000Mygit/myeie/001CourseWare/004IntegratedSystemDesign/Lab/lab2/002PRJ/ChanghongLi_lab2/ChanghongLi_lab2.srcs/sources_1/new/Counter.sv" into library xil_defaultlib
INFO: [VRFC 10-311] analyzing module Counter
INFO: [VRFC 10-2263] Analyzing SystemVerilog file "D:/000Mygit/myeie/001CourseWare/004IntegratedSystemDesign/Lab/lab2/002PRJ/ChanghongLi_lab2/ChanghongLi_lab2.srcs/sources_1/new/FSM.sv" into library xil_defaultlib
INFO: [VRFC 10-311] analyzing module FSM
INFO: [VRFC 10-2263] Analyzing SystemVerilog file "D:/000Mygit/myeie/001CourseWare/004IntegratedSystemDesign/Lab/lab2/002PRJ/ChanghongLi_lab2/ChanghongLi_lab2.srcs/sources_1/imports/001req/debouncer.sv" into library xil_defaultlib
INFO: [VRFC 10-311] analyzing module debouncer
INFO: [VRFC 10-2263] Analyzing SystemVerilog file "D:/000Mygit/myeie/001CourseWare/004IntegratedSystemDesign/Lab/lab2/002PRJ/ChanghongLi_lab2/ChanghongLi_lab2.srcs/sources_1/new/lab1_top.sv" into library xil_defaultlib
INFO: [VRFC 10-311] analyzing module lab1_top
INFO: [VRFC 10-2263] Analyzing SystemVerilog file "D:/000Mygit/myeie/001CourseWare/004IntegratedSystemDesign/Lab/lab2/002PRJ/ChanghongLi_lab2/ChanghongLi_lab2.srcs/sources_1/new/scoreboard.sv" into library xil_defaultlib
INFO: [VRFC 10-311] analyzing module scoreboard
INFO: [VRFC 10-2263] Analyzing SystemVerilog file "D:/000Mygit/myeie/001CourseWare/004IntegratedSystemDesign/Lab/lab2/002PRJ/ChanghongLi_lab2/ChanghongLi_lab2.srcs/sources_1/new/stim_gen.sv" into library xil_defaultlib
INFO: [VRFC 10-311] analyzing module stim_gen
INFO: [VRFC 10-2263] Analyzing SystemVerilog file "D:/000Mygit/myeie/001CourseWare/004IntegratedSystemDesign/Lab/lab2/002PRJ/ChanghongLi_lab2/ChanghongLi_lab2.srcs/sim_1/new/Counter_tb.sv" into library xil_defaultlib
INFO: [VRFC 10-311] analyzing module Counter_tb
INFO: [VRFC 10-2263] Analyzing SystemVerilog file "D:/000Mygit/myeie/001CourseWare/004IntegratedSystemDesign/Lab/lab2/002PRJ/ChanghongLi_lab2/ChanghongLi_lab2.srcs/sim_1/new/FSM_tb.sv" into library xil_defaultlib
INFO: [VRFC 10-311] analyzing module FSM_tb
INFO: [VRFC 10-2263] Analyzing SystemVerilog file "D:/000Mygit/myeie/001CourseWare/004IntegratedSystemDesign/Lab/lab2/002PRJ/ChanghongLi_lab2/ChanghongLi_lab2.srcs/sim_1/new/debouncer_tb.sv" into library xil_defaultlib
INFO: [VRFC 10-311] analyzing module debouncer_tb
INFO: [VRFC 10-2263] Analyzing SystemVerilog file "D:/000Mygit/myeie/001CourseWare/004IntegratedSystemDesign/Lab/lab2/002PRJ/ChanghongLi_lab2/ChanghongLi_lab2.srcs/sim_1/new/lab1_top_tb.sv" into library xil_defaultlib
INFO: [VRFC 10-311] analyzing module lab1_top_tb
INFO: [VRFC 10-2263] Analyzing SystemVerilog file "D:/000Mygit/myeie/001CourseWare/004IntegratedSystemDesign/Lab/lab2/002PRJ/ChanghongLi_lab2/ChanghongLi_lab2.srcs/sim_1/new/lab2_top_tb.sv" into library xil_defaultlib
INFO: [VRFC 10-311] analyzing module lab2_top_tb
INFO: [VRFC 10-2263] Analyzing SystemVerilog file "D:/000Mygit/myeie/001CourseWare/004IntegratedSystemDesign/Lab/lab2/002PRJ/ChanghongLi_lab2/ChanghongLi_lab2.srcs/sim_1/new/exam_tb.sv" into library xil_defaultlib
INFO: [VRFC 10-311] analyzing module exam_tb
>>>>>>> bb1f18b13b9b3882f3503c5f32f8a3be289884ef
